number,values_0,value,params_brics_min_freq,params_colsample_bytree,params_early_stopping_rounds,params_gamma,params_learning_rate,params_max_depth,params_min_child_weight,params_num_boost_round,params_reg_alpha,params_reg_lambda,params_rings_min_freq,params_side_min_freq,params_subsample,state,user_attrs_cv_recall,user_attrs_val_metric
0,0.8226691042047533,0.8226691042047533,3,0.9511766282429698,173,3.6011318213748975,0.06825011761700268,11,6,1010,3.438047107866291,4.071646368178144,3,5,0.473453741616421,COMPLETE,0.7755362751857812,0.8226691042047533
1,0.8416289592760181,0.8416289592760181,3,0.8321830207334108,90,1.8640186275844388,0.037837043770498215,11,9,1198,1.0244698969685722,3.148304451305667,3,5,0.4136092690306832,COMPLETE,0.7869397839577108,0.8416289592760181
2,0.8181818181818182,0.8181818181818182,3,0.8761497370951693,210,3.5592440515365475,0.022395605169435978,3,5,593,3.8333412576445456,2.241761208554596,3,5,0.41004321566954016,COMPLETE,0.7334463341760515,0.8181818181818182
3,0.8207985143918292,0.8207985143918292,3,0.618894165930133,80,0.4881119435687903,0.004797836304343845,12,10,457,4.949378692190524,1.61840617657257,3,5,0.7622871669864734,COMPLETE,0.7413334099440742,0.8207985143918292
4,0.8440036068530208,0.8440036068530208,3,0.831178205547306,204,0.6881062959437145,0.0844995056987728,6,3,772,0.31765141423091225,3.3041642840873138,3,5,0.6764026582182705,COMPLETE,0.8145541254883935,0.8440036068530208
5,0.8308823529411765,0.8308823529411765,3,0.7311106010132951,150,4.8703030497594915,0.0749872448603014,5,10,1750,0.8439331181099274,4.191553267656945,3,5,0.7789075993629728,COMPLETE,0.7654523864245768,0.8308823529411765
6,0.8347031963470319,0.8347031963470319,3,0.8839565056052785,84,4.794917410268836,0.00404277914948981,26,7,1539,1.7848639801718136,0.6403093504046098,3,5,0.5265905965077653,COMPLETE,0.7584348425649277,0.8347031963470319
7,0.8387681159420289,0.8387681159420289,3,0.8542174024451119,64,3.5930857720642684,0.12671508895797204,22,14,1752,4.850731349955188,1.5364421991965727,3,5,0.8433433691651562,COMPLETE,0.7602064659465257,0.8387681159420289
8,0.8426763110307414,0.8426763110307414,3,0.7580702303294747,153,1.0097929241841264,0.00505388244832713,11,5,1000,1.1982127524924069,3.475928435129357,3,5,0.6402772877364116,COMPLETE,0.7856239944840266,0.8426763110307414
9,0.8340888485947416,0.8340888485947416,3,0.6994584374372693,278,1.7865388150699435,0.003275057208603182,14,11,1965,2.5570846024147578,3.5749933663491524,3,5,0.9000681743587728,COMPLETE,0.7816785413314947,0.8340888485947416
10,0.8532608695652174,0.8532608695652174,3,0.4092810007344567,296,0.48981333613891964,0.28857858242802115,20,1,120,0.17709256926252193,4.929030979158644,3,5,0.6290422633288855,COMPLETE,0.8057879414693939,0.8532608695652174
11,0.8473351400180669,0.8473351400180669,3,0.412749738903381,298,0.0301490716743118,0.20622893402476983,20,1,206,0.0006746983868421985,4.74729911168045,3,5,0.6266966840294554,COMPLETE,0.8123611430322532,0.8473351400180669
12,0.8366247755834829,0.8366247755834829,3,0.4086212309470696,291,0.17052711413045585,0.2784018349476195,19,1,114,0.054768722559707786,4.982567935203388,3,5,0.5808529610727367,COMPLETE,0.8154274879338083,0.8366247755834829
13,0.8354430379746836,0.8354430379746836,3,0.4175674106681806,246,1.3582327564354613,0.29875789551161425,30,1,120,1.9394037559484194,4.84220875859719,3,5,0.596696388109442,COMPLETE,0.7979066115069332,0.8354430379746836
14,0.8375451263537906,0.8375451263537906,3,0.5270619374493672,10,0.11003229676816692,0.164387097933622,20,3,382,0.06441003990979373,4.259633448585447,3,5,0.699027327547502,COMPLETE,0.800091932888991,0.8375451263537906
15,0.8413284132841329,0.8413284132841329,3,0.5077673073890607,251,2.251186733712813,0.0011021704599005991,24,3,283,0.7132499203271387,2.671033447706923,3,5,0.986012954937135,COMPLETE,0.7571190530912434,0.8413284132841329
16,0.8494138863841298,0.8494138863841298,3,0.49636140630788955,297,1.090660020826075,0.014097741473758333,17,1,693,1.612545413264213,4.5646095316707,3,5,0.5636469120311354,COMPLETE,0.800536275185781,0.8494138863841298
17,0.8293577981651377,0.8293577981651377,3,0.5130925157653066,252,2.8707955012017567,0.009510905288384225,16,13,716,1.95188572237015,0.010899722559854386,3,5,0.5164304228122947,COMPLETE,0.7597506320386118,0.8293577981651377
18,0.842391304347826,0.842391304347826,3,0.6158302629534631,208,1.2291629001277546,0.019709335066508262,17,4,1232,2.644173110625418,4.311386762941125,3,5,0.7573227421345565,COMPLETE,0.79878571975791,0.842391304347826
19,0.8386508659981768,0.8386508659981768,3,0.587312913704153,267,2.659855592006253,0.009374813249507912,27,7,532,1.555767785008742,3.8477839446282447,3,5,0.5462631399185617,COMPLETE,0.7680839653719452,0.8386508659981768
20,0.8396396396396396,0.8396396396396396,3,0.47633427229919745,240,0.7473989165334812,0.03389389891976286,15,2,775,3.061557853249977,2.7495854072082424,3,5,0.463962099630511,COMPLETE,0.7965831609591666,0.8396396396396396
21,0.8491418247515808,0.8491418247515808,3,0.4435391168764838,297,0.07175003947686487,0.15540515968325222,20,1,256,0.5662594193091082,4.636662521294635,3,5,0.6297370422822273,COMPLETE,0.8079713475829312,0.8491418247515808
22,0.8494138863841298,0.8494138863841298,3,0.46728897305564754,294,1.5493352081585796,0.042870491069502255,23,2,344,0.5926432486196113,4.665886205687233,3,5,0.6805233204234952,COMPLETE,0.7992128246380144,0.8494138863841298
23,0.8473351400180669,0.8473351400180669,3,0.5550084543516893,232,1.69350944385631,0.010259365841057555,22,3,622,1.3366555273752763,4.540425006396054,3,5,0.711136306489719,COMPLETE,0.7965889067647284,0.8473351400180669
24,0.8502242152466367,0.8502242152466367,3,0.45883385057256887,265,1.3979598108466134,0.03672648056647901,24,2,372,0.6060800381496156,3.9269399920495838,3,5,0.5667531653433024,COMPLETE,0.8036026200873362,0.8502242152466367
25,0.8362627197039778,0.8362627197039778,3,0.6423214288278387,272,0.9511123441178964,0.0018076730164103638,26,5,900,2.1553288260371573,3.7850879743345716,3,5,0.5799230286009728,COMPLETE,0.7540507929211676,0.8362627197039778
26,0.8412408759124088,0.8412408759124088,3,0.4874918998276951,224,2.3171526467168286,0.013884171715792669,18,2,540,1.4439660890699986,2.9421649164493093,3,5,0.5419774704936895,COMPLETE,0.7865011874664828,0.8412408759124088
27,0.8413417951042611,0.8413417951042611,3,0.5734147398112275,173,0.47688474018185734,0.02442096802974757,30,4,360,1.0408644438655643,2.235625249511914,3,5,0.4613034685449581,COMPLETE,0.795269286754003,0.8413417951042611
28,0.8460846084608461,0.8460846084608461,3,0.669744610330394,264,1.2073154764350513,0.054657529594685283,24,4,442,0.3500240957406948,3.9018526191232996,3,5,0.48890435885852146,COMPLETE,0.8035892132076918,0.8460846084608461
29,0.8421052631578947,0.8421052631578947,3,0.9801678743527398,184,2.0389407740448853,0.10968290288113,13,6,1136,0.4542082746693571,4.392434436036683,3,5,0.5886729150448917,COMPLETE,0.8000938481575117,0.8421052631578947
30,0.843263061411549,0.843263061411549,3,0.45706631243296814,119,0.4205024097442796,0.00646529116479194,8,2,886,2.2383465232748287,4.008111714956588,3,5,0.6440418449781582,COMPLETE,0.7794836436068338,0.843263061411549
31,0.8452488687782805,0.8452488687782805,3,0.4479373547180692,284,1.4212867895256238,0.05984112025243762,22,2,312,0.842020888245236,4.5678891704427125,3,5,0.7167096274410013,COMPLETE,0.7965889067647285,0.8452488687782805
32,0.8527551942186089,0.8527551942186089,3,0.5568982570160586,276,1.5107177920355608,0.041824905223537046,24,1,201,0.6361511419010598,4.996306363831453,3,5,0.671744800543402,COMPLETE,0.7992166551750556,0.8527551942186089
33,0.8514492753623188,0.8514492753623188,3,0.5358978989483287,260,0.9258136836025569,0.03366795239872015,28,1,178,1.048692299012859,4.965111768909882,3,5,0.5611293041385675,COMPLETE,0.7935168160576114,0.8514492753623188
34,0.8453796889295517,0.8453796889295517,3,0.5449578788011152,259,0.7829926733987723,0.029653634309799323,28,1,168,1.0678263832021107,4.921901514748016,3,5,0.610448737320065,COMPLETE,0.7979008657013713,0.8453796889295517
35,0.8385321100917431,0.8385321100917431,3,0.5960632208846349,223,4.29181912298133,0.041504749373529735,28,3,194,3.7517830464941944,4.932658250938335,3,5,0.6599422188983062,COMPLETE,0.7601930590668813,0.8385321100917431
36,0.8411552346570397,0.8411552346570397,3,0.5486289522345779,189,1.9733402293401752,0.07726940701036383,25,8,452,0.2757041831137555,4.1670008320309275,3,5,0.4339070249895387,COMPLETE,0.7917643453612198,0.8411552346570397
37,0.8438356164383561,0.8438356164383561,3,0.4347898016127678,276,3.0836320022122656,0.050156782672547924,28,4,1341,0.8083467396797699,4.976425705610519,3,5,0.7355671205647999,COMPLETE,0.7834310120278863,0.8438356164383561
38,0.8512173128944995,0.8512173128944995,3,0.6653496339890035,132,0.5058523113793667,0.09299689414740794,25,2,245,0.3655815135740731,3.2828579544819094,3,5,0.4995463977091627,COMPLETE,0.806226537960622,0.8512173128944995
39,0.8367899008115419,0.8367899008115419,3,0.7757374204686185,137,0.6025984424043367,0.09767408432812758,26,5,240,0.32498481408073987,1.9077502769523176,3,5,0.4997806050312458,COMPLETE,0.8066651344518501,0.8367899008115419
40,0.8479427549194991,0.8479427549194991,3,0.690851506219613,105,0.3833160328257674,0.19364557382850786,21,12,508,4.5064748188121815,3.3615868314668194,3,5,0.7943963814300238,COMPLETE,0.796152225542021,0.8479427549194991
41,0.8388888888888889,0.8388888888888889,3,0.4017103103403191,113,0.8741526972837765,0.027342030730481626,24,2,100,0.9300832800562431,3.010968103278026,3,5,0.42926424839369837,COMPLETE,0.7641442580249752,0.8388888888888889
42,0.8522522522522522,0.8522522522522522,3,0.6351581634949106,169,1.6170522677484376,0.07162230436416717,25,3,397,0.6282726056996155,3.6242957551028105,3,5,0.5231328779558888,COMPLETE,0.8031525319849843,0.8522522522522522
43,0.8312159709618875,0.8312159709618875,3,0.6579132047650362,46,0.2802025659114411,0.07349882744678053,29,15,223,1.2346683651963053,3.709434662809372,3,5,0.5187750586051947,COMPLETE,0.7812418601087872,0.8312159709618875
44,0.8496849684968497,0.8496849684968497,3,0.7495629896110093,146,1.7082224878955103,0.12316087370709962,26,1,429,0.07103991472651061,3.2357547719530153,3,5,0.4800879059743721,COMPLETE,0.807982839194055,0.8496849684968497
45,0.8499550763701708,0.8499550763701708,3,0.6301323545306621,129,0.6381796309518661,0.0889267914398387,23,3,287,0.26523212513728517,2.2205291336083297,3,5,0.40581852427411547,COMPLETE,0.8110568451696928,0.8499550763701708
46,0.846911369740376,0.846911369740376,3,0.7262430460363579,172,1.0229272593612173,0.14229214223921743,27,6,102,0.73404496541581,1.129941824561194,3,5,0.6700770172773858,COMPLETE,0.8036045353558569,0.846911369740376
47,0.8403967538322813,0.8403967538322813,3,0.8124389542658048,93,2.109174258504506,0.23044310513650132,25,9,614,0.4833130174351556,4.347472828661623,3,5,0.6186584338502835,COMPLETE,0.7983452079981614,0.8403967538322813
48,0.8471223021582733,0.8471223021582733,3,0.6027780685845104,156,1.2067960784827854,0.06475655794889691,21,1,183,1.143726543970872,2.474113036069339,3,5,0.5551720835465919,COMPLETE,0.801403891825634,0.8471223021582733
49,0.838475499092559,0.838475499092559,3,0.6602454641104767,61,3.276314963618633,0.01677580572191284,19,3,1455,0.19461003074292355,3.630454352396968,3,5,0.5070113483937979,COMPLETE,0.7895713629050793,0.838475499092559
50,0.8473351400180669,0.8473351400180669,3,0.9138368656695649,194,1.5518482004973726,0.048141884692074345,29,1,292,0.9709396925308297,4.768903103178454,3,5,0.5335153397100804,COMPLETE,0.8027215965678387,0.8473351400180669
51,0.8511796733212341,0.8511796733212341,3,0.5237132625603236,285,1.3255050257493264,0.03394590460284092,25,2,381,0.5924206005520739,3.4752455153644526,3,5,0.5748017697837912,COMPLETE,0.8000900176204704,0.8511796733212341
52,0.843351548269581,0.843351548269581,3,0.5302844926332563,287,0.8420050920561326,0.02095582091055814,25,2,160,0.0014787452532604162,3.4604514233775308,3,5,0.5997048048559177,COMPLETE,0.7904485558875355,0.843351548269581
53,0.8369565217391305,0.8369565217391305,3,0.5730489650105042,282,1.8341980979111607,0.03592174444619642,27,1,404,0.706160585110649,3.1060332274407862,3,5,0.4492871238297234,COMPLETE,0.8014172987052784,0.8369565217391305
54,0.8525179856115108,0.8525179856115108,3,0.6195743668292994,239,0.5961726949549264,0.02898225968800791,23,3,504,0.43036134974796153,4.099504609819604,3,5,0.6376822580398326,COMPLETE,0.8097372251589674,0.8525179856115108
55,0.8504504504504504,0.8504504504504504,3,0.6905851962830852,243,0.23325948927939433,0.09527870191624731,23,3,496,0.40279769235233587,4.138295696011141,3,5,0.6829065022629071,COMPLETE,0.8127959089864399,0.8504504504504504
56,0.8525179856115108,0.8525179856115108,3,0.7229674557877356,218,0.6271295276713988,0.23829673344931115,21,4,322,2.9257351767497264,4.441067440963953,3,5,0.6464913270492761,COMPLETE,0.7996456753236805,0.8525179856115108
57,0.833634719710669,0.833634719710669,3,0.6175496970870366,218,1.1077107742070231,0.25171721762891297,21,5,604,2.9824577948247315,4.39478888405449,3,5,0.6513214678032989,COMPLETE,0.7996533363977629,0.833634719710669
58,0.8451208594449419,0.8451208594449419,3,0.7180385167640625,234,0.6369507804536341,0.17680463913989436,19,4,1938,2.904461786950783,4.761388734473548,3,5,0.6928742527860228,COMPLETE,0.8088619474450317,0.8451208594449419
59,0.8442844284428442,0.8442844284428442,3,0.7863240297734424,251,0.9642265785981301,0.01745793881586852,18,4,702,3.4018081923158316,4.3897880207344215,3,5,0.7368606435371197,COMPLETE,0.795269286754003,0.8442844284428442
60,0.8504504504504504,0.8504504504504504,3,0.6309403357210868,210,0.28570129089215096,0.20526414895204606,22,6,287,2.648726886285006,4.61126915945362,3,5,0.6354121206577669,COMPLETE,0.807977093388493,0.8504504504504504
61,0.8383017163504969,0.8383017163504969,3,0.5751393674976504,160,0.025397122194450006,0.2846596472082428,23,2,203,0.19630685383912339,4.002005495934501,3,5,0.6127357150491379,COMPLETE,0.8022791695395695,0.8383017163504969
62,0.8504923903312444,0.8504923903312444,3,0.637911569778195,233,0.7082416455615954,0.11851306125189934,20,3,353,0.49424886315473787,4.813028911813415,3,5,0.9529114496541725,COMPLETE,0.8044664061901479,0.8504923903312444
63,0.8460144927536232,0.8460144927536232,3,0.6832297317090021,259,0.5490527050441736,0.027299475451752347,23,1,239,3.2321499175767006,4.485685407655388,3,5,0.551624656710825,COMPLETE,0.796146479736459,0.8460144927536232
64,0.8372093023255814,0.8372093023255814,3,0.6061367268367797,202,1.5811110505779022,0.14581646216207456,26,3,147,2.378774049749701,4.237522767279278,3,5,0.5946734684445814,COMPLETE,0.7917662606297402,0.8372093023255814
65,0.8264925373134329,0.8264925373134329,3,0.7139879001108738,300,0.418486852094232,0.05413256576111659,3,2,330,1.7699335956551674,4.705653841799025,3,5,0.6610288761919354,COMPLETE,0.7597544625756532,0.8264925373134329
66,0.8442028985507246,0.8442028985507246,3,0.6630796935615454,273,2.5393673221080397,0.06361356542430234,24,1,569,1.2738126721315983,3.7966875556946604,3,5,0.8068853831714998,COMPLETE,0.7908833218417222,0.8442028985507246
67,0.8517520215633423,0.8517520215633423,3,0.49902107931920525,256,0.8342787386475248,0.044373502836647025,21,4,457,0.7023986999562153,4.987975361017632,3,5,0.6310335423948856,COMPLETE,0.8022849153451315,0.8517520215633423
68,0.8402903811252269,0.8402903811252269,3,0.4942666757304554,250,1.0754684749145782,0.04195350786947857,18,5,471,2.7943135176709237,4.978602048422044,3,5,0.6319979678781014,COMPLETE,0.7904523864245767,0.8402903811252269
69,0.8545618789521229,0.8545618789521229,3,0.5660714343225235,259,1.3093728434793706,0.022539016924646913,21,4,437,1.3888736409840527,4.7939605356797825,3,5,0.7195762599205714,COMPLETE,0.7957097985137517,0.8545618789521229
70,0.8426763110307414,0.8426763110307414,3,0.5586264681181689,240,2.313978217792351,0.012253914713534998,21,4,816,1.4118756653557325,4.552226212201539,3,5,0.7600262946347476,COMPLETE,0.7900080441277867,0.8426763110307414
71,0.8504079782411604,0.8504079782411604,3,0.479415049335678,257,0.8628507470067328,0.023899781021462275,16,4,415,0.8929943550605337,4.7623372838471365,3,5,0.7158269459355858,COMPLETE,0.7979066115069333,0.8504079782411604
72,0.8471223021582733,0.8471223021582733,3,0.42730021423376946,266,1.3145322760627076,0.029956675346428124,22,6,556,0.7232690728452444,4.857347873436959,3,5,0.6831081087564119,COMPLETE,0.7943901785030262,0.8471223021582733
73,0.8413417951042611,0.8413417951042611,3,0.5121199449168553,223,1.4832563471526903,0.021172148631146387,20,5,341,1.5509641874633684,4.074902219889453,3,5,0.6528264534395989,COMPLETE,0.790456216961618,0.8413417951042611
74,0.8426763110307414,0.8426763110307414,3,0.5745512044358603,274,1.1643339308567457,0.04611177556334575,22,7,659,0.9987808951060694,4.468434944073723,3,5,0.7004157962254485,COMPLETE,0.8005401057228223,0.8426763110307414
75,0.8394160583941606,0.8394160583941606,3,0.5371552337139465,292,4.097660749920879,0.017188643748478335,19,3,479,1.1456416243251,4.978666357525522,3,5,0.7328349522333384,COMPLETE,0.7799222400980618,0.8394160583941606
76,0.8494138863841298,0.8494138863841298,3,0.5877810421290176,241,0.7132137236923645,0.03041751096893811,20,4,162,0.6554343174234402,4.686862540357337,3,5,0.618963599382406,COMPLETE,0.7917662606297404,0.8494138863841298
77,0.8532853285328533,0.8532853285328533,3,0.5117040429003514,216,0.9580567900081519,0.03982437689112833,21,3,991,0.140381897649847,4.265665726573198,3,5,0.602293372765327,COMPLETE,0.8057917720064353,0.8532853285328533
78,0.8530207394048692,0.8530207394048692,3,0.4986504442901472,200,1.9275617794298268,0.040864429881589455,21,3,1215,0.14976661231142785,4.194688814959679,3,5,0.6694105542490578,COMPLETE,0.7952673714854823,0.8530207394048692
79,0.8351449275362319,0.8351449275362319,3,0.5563862738011386,200,1.9131052469923204,0.23827164632245734,22,3,1272,0.1985075062284729,4.269994271284334,3,5,0.6643709801683454,COMPLETE,0.8022810848080899,0.8351449275362319
80,0.8469945355191257,0.8469945355191257,3,0.47101119162725164,178,1.63802256287295,0.03868927351270019,24,3,1082,0.07827200111849314,3.9392395270143323,3,5,0.7022297520929968,COMPLETE,0.8005343599172605,0.8469945355191257
81,0.8457350272232305,0.8457350272232305,3,0.49666069989910006,213,2.1433928236004043,0.0257660181455031,21,4,1490,0.48292459642661717,4.232006044992657,3,5,0.5977141936023651,COMPLETE,0.797908526775454,0.8457350272232305
82,0.8548241659152389,0.8548241659152389,3,0.5178121683044988,227,1.440760294697879,0.055861185215906356,17,5,1191,0.30284235205111076,4.597126018135047,3,5,0.6683820062607622,COMPLETE,0.8027235118363596,0.8548241659152389
83,0.8525179856115108,0.8525179856115108,3,0.5106628203037739,228,1.755638111213918,0.05661517593314278,15,5,970,0.11494254519440522,4.520099406320103,3,5,0.6733667384871901,COMPLETE,0.8036045353558571,0.8525179856115108
84,0.8540344514959202,0.8540344514959202,3,0.5248347200574232,224,1.7403216789677063,0.05200699065688115,14,5,940,0.09398449426576183,4.47785119816322,3,5,0.675870782363144,COMPLETE,0.7996495058607217,0.8540344514959202
85,0.8473967684021544,0.8473967684021544,3,0.4544486364735167,213,1.4119006459175396,0.03301207753662602,11,5,1171,0.344366926943905,4.635690766062612,3,5,0.7294120841621332,COMPLETE,0.7987799739523481,0.8473967684021544
86,0.8481012658227848,0.8481012658227848,3,0.5236252933880937,196,1.251101234750722,0.05146828547221734,15,6,1074,0.14225656171807566,4.108816076675191,3,5,0.6448143710956826,COMPLETE,0.8079770933884932,0.8481012658227848
87,0.8413417951042611,0.8413417951042611,3,0.41975460482631793,218,1.885790956428746,0.007594854206140639,13,7,1008,0.26147654974753864,4.426360000535219,3,5,0.7503776347388641,COMPLETE,0.7886941699226232,0.8413417951042611
88,0.8501805054151624,0.8501805054151624,3,0.48313180928262894,235,1.42740885744626,0.018876071908765293,17,4,1240,0.39433508820211044,0.2257833761557011,3,5,0.6827877302216152,COMPLETE,0.7965850762276871,0.8501805054151624
89,0.845943482224248,0.845943482224248,3,0.4412405982139067,184,2.7618583856951666,0.0034374749267106985,13,11,1301,0.014080790488834816,4.303973155673087,3,5,0.774299664503015,COMPLETE,0.7685225618631732,0.845943482224248
90,0.8469945355191257,0.8469945355191257,3,0.546975043692213,206,2.435520703021798,0.013471198230588717,18,5,1352,0.4934376240349857,4.814606301003243,3,5,0.6939949157092126,COMPLETE,0.7895713629050793,0.8469945355191257
91,0.8449682683590208,0.8449682683590208,3,0.5109772568021207,223,1.8021286037427457,0.06388941518970599,14,6,931,0.1385927700377514,4.5469242914002175,3,5,0.673499933452046,COMPLETE,0.7917643453612195,0.8449682683590208
92,0.842391304347826,0.842391304347826,3,0.5637565194523653,226,1.7030586177717282,0.08144784413989677,15,5,1149,0.25355480709250067,4.517410707026127,3,5,0.64283454247298,COMPLETE,0.7992166551750556,0.842391304347826
93,0.8411552346570397,0.8411552346570397,3,0.5220430006184351,246,2.0038709244902466,0.059386487318021194,16,8,930,0.13865513391373274,4.6541887692623,3,5,0.7126374088963713,COMPLETE,0.7926491994177585,0.8411552346570397
94,0.8436363636363636,0.8436363636363636,3,0.46602903716225275,228,2.1734753990863895,0.04132269864415362,9,5,970,0.555773525949139,4.182089387155731,3,5,0.671866386122939,COMPLETE,0.7965889067647284,0.8436363636363636
95,0.8470588235294118,0.8470588235294118,3,0.5413884852967437,216,1.7649109437353483,0.037453664563838654,17,4,1043,0.011479667015452166,4.8818799240406925,3,5,0.6227639506353929,COMPLETE,0.8000900176204704,0.8470588235294118
