number,values_0,value,params_brics_min_freq,params_colsample_bytree,params_early_stopping_rounds,params_gamma,params_learning_rate,params_max_depth,params_min_child_weight,params_num_boost_round,params_reg_alpha,params_reg_lambda,params_rings_min_freq,params_side_min_freq,params_subsample,state,user_attrs_cv_recall,user_attrs_val_metric
96,0.8459483526268923,0.8459483526268923,3,0.5102240433942475,237,0.9903726037639966,0.1751827163262869,14,7,818,0.3091017157330601,3.99988363474442,3,5,0.6521106339486222,COMPLETE,0.8036007048188157,0.8459483526268923
97,0.842200180342651,0.842200180342651,3,0.5844064595040206,279,1.4927870501504168,0.07259919477753374,19,2,1209,0.4081679809979147,4.323205622083149,3,5,0.5803134876692218,COMPLETE,0.8057936872749559,0.842200180342651
98,0.8401084010840109,0.8401084010840109,3,0.48593276724110895,229,1.2661007852799178,0.10722121018566268,15,3,865,3.749822904189613,4.443107147154937,3,5,0.6604055085659291,COMPLETE,0.7970332490615184,0.8401084010840109
99,0.8568872987477638,0.8568872987477638,3,0.5008190338287045,266,0.12771471181530808,0.05573235059311805,20,2,1105,0.1318997132614496,1.1296252001651508,3,5,0.7230146551524094,COMPLETE,0.8088542863709491,0.8568872987477638
100,0.8545618789521229,0.8545618789521229,3,0.531218906682737,289,0.5841151276878696,0.02231929864408756,23,2,1094,0.8122131498166874,1.923371221589854,3,5,0.7235017023412121,COMPLETE,0.8049164942924998,0.8545618789521229
101,0.855595667870036,0.855595667870036,3,0.527929669218372,269,0.1639444010097597,0.03047422802461707,23,2,1110,0.8668742894197325,1.1260985275267912,3,5,0.7226768592253244,COMPLETE,0.808860032176511,0.855595667870036
102,0.8568856885688569,0.8568856885688569,3,0.5314386036409009,268,0.18103745817342592,0.021743170569986286,23,2,1109,0.8516050554706774,0.9989926541341607,3,5,0.7201876040373449,COMPLETE,0.8075461579713477,0.8568856885688569
103,0.8579136690647482,0.8579136690647482,3,0.5276781677042999,288,0.18624197755072497,0.02420157580150167,20,2,1092,0.7872996085037988,1.001977889513952,3,5,0.7452437269972413,COMPLETE,0.8127978242549606,0.8579136690647482
104,0.8571428571428571,0.8571428571428571,3,0.5228539246568084,268,0.173973789614531,0.01536455816360486,19,2,1085,0.7957129983012635,1.0895847062371748,3,5,0.7802861937972362,COMPLETE,0.807538496897265,0.8571428571428571
105,0.8571428571428571,0.8571428571428571,3,0.5297735316622687,287,0.16244283010649269,0.01522803548053373,19,2,1095,0.820899682141616,1.005759285458538,3,5,0.8175249927010756,COMPLETE,0.8049107484869378,0.8571428571428571
106,0.8584310189359784,0.8584310189359784,3,0.5296694977537175,268,0.10883520003907987,0.011686949732320633,20,2,1093,0.8006437442151388,1.1030062560491651,3,5,0.8481890798766505,COMPLETE,0.8057898567379146,0.8584310189359784
107,0.8604860486048604,0.8604860486048604,3,0.5322673244390165,268,0.17692946283932204,0.011154041663073768,18,2,1098,0.8329954244935318,0.983484110957555,3,5,0.836206398373413,COMPLETE,0.8066670497203707,0.8604860486048604
108,0.8597122302158273,0.8597122302158273,3,0.5404624433554207,290,0.16018789350558352,0.01016349751709641,18,2,1100,0.8087227099243592,1.1275102539916155,3,5,0.8068194216614797,COMPLETE,0.8035930437447331,0.8597122302158273
109,0.8615107913669064,0.8615107913669064,3,0.5433453741024,269,0.1702448793987411,0.010689814602854725,19,2,1121,0.8720759965354251,1.1092140238874688,3,5,0.8579498645236787,COMPLETE,0.8049069179498964,0.8615107913669064
110,0.8612612612612612,0.8612612612612612,3,0.5469748325397216,269,0.15485565145249722,0.010873666293078529,18,2,1041,0.8680922642847604,1.0937913122706657,3,5,0.8522836531865161,COMPLETE,0.8044683214586685,0.8612612612612612
111,0.8615107913669064,0.8615107913669064,3,0.5485130853535211,269,0.13862856368016954,0.010426061147595957,18,2,1116,1.0807363593249382,1.0893754909519944,3,5,0.8608811547719352,COMPLETE,0.8009652953344059,0.8615107913669064
112,0.8620378719567178,0.8620378719567178,3,0.539940711156623,269,0.18680734311086855,0.010681861482037612,19,2,1127,0.8540655041660828,1.0865372531012698,3,5,0.8597506681269081,COMPLETE,0.8049126637554584,0.8620378719567178
113,0.8589398023360287,0.8589398023360287,3,0.547557428337846,282,0.11268628537105481,0.010911034288416699,18,2,1042,1.0549733738461238,1.05327095443536,3,5,0.8658978695673526,COMPLETE,0.8049126637554584,0.8589398023360287
114,0.8597122302158273,0.8597122302158273,3,0.5507044998529026,283,0.0034292015050892133,0.010646727175935866,18,2,1030,1.0791632720357116,0.8270838418832829,3,5,0.8630273341034246,COMPLETE,0.8066632191833294,0.8597122302158273
115,0.863063063063063,0.863063063063063,3,0.5473586748618903,295,0.0067528957577781545,0.010668967941959371,18,1,1038,1.1006159636640427,0.7905158065455649,3,5,0.8541355224254278,COMPLETE,0.8110530146326514,0.863063063063063
116,0.862533692722372,0.862533692722372,3,0.5486871667721644,282,0.3543588345028985,0.010818301675615075,18,1,1038,1.0831607757106294,0.7386426870843503,3,5,0.8709697936764987,COMPLETE,0.806226537960622,0.862533692722372
117,0.8633093525179856,0.8633093525179856,3,0.5491942172417674,280,0.32975784309894696,0.010794006674611762,18,1,1039,1.0878697280218785,0.8051177545854248,3,5,0.8671308848093,COMPLETE,0.8062284532291427,0.8633093525179856
118,0.8612612612612612,0.8612612612612612,3,0.5462104951686483,280,0.3471029562242959,0.010804442190574238,17,1,1037,1.0996587971344374,0.7556130293666254,3,5,0.8730359850176999,COMPLETE,0.8022830000766108,0.8612612612612612
119,0.8653500897666068,0.8653500897666068,3,0.548723665705839,280,0.3350000377462131,0.008096944225252097,18,1,1025,1.093890117794664,0.8207741569769154,3,5,0.8767390515858956,COMPLETE,0.8057936872749559,0.8653500897666068
120,0.8666069829901522,0.8666069829901522,3,0.5924280467861548,300,0.3503608939760918,0.007894046668901467,16,1,1023,1.2557737697922675,0.8467478562969131,3,5,0.8919744930060662,COMPLETE,0.8062284532291427,0.8666069829901522
121,0.862533692722372,0.862533692722372,3,0.5931745921466428,295,0.3367021512163988,0.008675121220887988,16,1,1035,0.9886494518483488,0.8120085940361156,3,5,0.8910733634240449,COMPLETE,0.8057917720064353,0.862533692722372
122,0.8640864086408641,0.8640864086408641,3,0.5874387450493701,297,0.3709135714236218,0.008366229878594712,16,1,1143,1.1839668870477964,1.3012793416681385,3,5,0.9016838921143809,COMPLETE,0.8075461579713477,0.8640864086408641
123,0.862533692722372,0.862533692722372,3,0.5870418436599814,297,0.33599066627297625,0.007804425855083567,16,1,1153,1.2947548989696132,1.3226571808151821,3,5,0.9048656354415642,COMPLETE,0.8062303684976634,0.862533692722372
124,0.862533692722372,0.862533692722372,3,0.5933639656506153,297,0.3508993698072289,0.008461620480748009,16,1,1147,1.2733215046786854,1.289514615984647,3,5,0.9036707486189731,COMPLETE,0.8088581169079905,0.862533692722372
125,0.8643306379155435,0.8643306379155435,3,0.6054421194421021,297,0.3324347304719648,0.008324116196743964,16,1,1145,1.2760288542589915,1.2839870565551705,3,5,0.9194615393630513,COMPLETE,0.802719681299318,0.8643306379155435
126,0.8645739910313901,0.8645739910313901,3,0.595462683994158,300,0.3188945683453911,0.008308593317071962,16,1,1166,1.268047230626853,1.4169188300395652,3,5,0.9089533639845213,COMPLETE,0.8066670497203707,0.8645739910313901
127,0.8617594254937163,0.8617594254937163,3,0.5939556153957086,299,0.3309138565846946,0.007980482482514302,16,1,1267,1.2508838502842776,1.3277160906560093,3,5,0.9164794238938643,COMPLETE,0.8084233509538036,0.8617594254937163
128,0.8651079136690647,0.8651079136690647,3,0.6023734481747051,300,0.3375970959471415,0.00841199809333773,16,1,1160,1.2967683720818584,1.3962261915408127,3,5,0.9195915798414459,COMPLETE,0.8053512602466866,0.8651079136690647
129,0.8604860486048604,0.8604860486048604,3,0.6095533899715626,296,0.4822406980466086,0.005004465665726072,16,1,1162,1.5173583543668612,1.3464056941405984,3,5,0.901762149834961,COMPLETE,0.8031582777905462,0.8604860486048604
