number,values_0,value,params_brics_min_freq,params_colsample_bytree,params_early_stopping_rounds,params_gamma,params_learning_rate,params_max_depth,params_min_child_weight,params_num_boost_round,params_reg_alpha,params_reg_lambda,params_rings_min_freq,params_side_min_freq,params_subsample,state,user_attrs_cv_recall,user_attrs_val_metric
95,0.8988476312419974,0.8988476312419974,3,0.7848190372574034,157,0.7540470356418923,0.023982103253257125,28,2,977,0.6515914132447501,0.7622076792456244,3,5,0.5730383947272771,COMPLETE,0.8092947981306979,0.8988476312419974
96,0.8956466069142125,0.8956466069142125,3,0.8292173952890672,292,0.41509426899557494,0.03781883108932856,29,1,1273,0.4845103220206541,1.5457277230916353,3,5,0.5306818567489572,COMPLETE,0.8132440818202712,0.8956466069142125
97,0.9014084507042254,0.9014084507042254,3,0.8661098352687454,213,0.1963616811777024,0.04628803251914011,26,2,926,0.3577704718614335,1.2689521717177583,3,5,0.5979238750707442,COMPLETE,0.8084156898797211,0.9014084507042254
98,0.8950064020486556,0.8950064020486556,3,0.9521826502406564,144,0.1858536980974913,0.04818184852560709,26,2,897,2.863276869913081,1.1141436810268406,3,5,0.6009739129588298,COMPLETE,0.8132383360147093,0.8950064020486556
99,0.8911651728553137,0.8911651728553137,3,0.9198610013930146,214,0.2817521765822649,0.06237451850447461,28,3,1169,4.4605069410173135,3.690072474196235,3,5,0.6301486696293472,COMPLETE,0.8062246226921014,0.8911651728553137
100,0.8994878361075545,0.8994878361075545,3,0.8689073230643337,228,0.09282087089314625,0.02714785745059642,27,1,1053,0.3930093392476579,1.232443091878058,3,5,0.6627534066526659,COMPLETE,0.8149869761740595,0.8994878361075545
101,0.8982074263764405,0.8982074263764405,3,0.8845285412558136,242,0.09463553526197513,0.032915255643840485,27,1,1033,0.380258204337518,1.278723809980192,3,5,0.5842806160991538,COMPLETE,0.8136731019688961,0.8982074263764405
102,0.9014084507042254,0.9014084507042254,3,0.8706717741553183,226,0.24116699604781983,0.04084245702348386,25,1,949,0.22615008368758574,1.0819325401223194,3,5,0.6519344414586873,COMPLETE,0.8114801195127557,0.9014084507042254
103,0.8956466069142125,0.8956466069142125,3,0.9335342266660029,211,0.4039489582119121,0.04122074498005493,25,2,680,0.23192306186475606,1.088801802908012,3,5,0.5579214851979292,COMPLETE,0.8154313184708496,0.8956466069142125
104,0.9007682458386683,0.9007682458386683,3,0.8462458552720549,201,0.2187382835111592,0.021055116108824715,29,2,855,0.017422402846296772,0.7162964673431452,3,5,0.6247434440777092,COMPLETE,0.8106105876043822,0.9007682458386683
105,0.9014084507042254,0.9014084507042254,3,0.8590812566542244,187,0.5246160046053281,0.02146155950847652,29,1,918,0.00801964521424503,0.9178910971222366,3,5,0.6263588626531229,COMPLETE,0.8123573124952118,0.9014084507042254
106,0.8950064020486556,0.8950064020486556,3,0.9040103394250638,184,0.5240244487233675,0.07575762345744184,29,1,941,0.0215176941102955,1.7479811347286067,3,5,0.62406045822913,COMPLETE,0.8079790086570137,0.8950064020486556
107,0.8892445582586428,0.8892445582586428,3,0.8548209378536663,198,0.25729465231478926,0.020731968196394453,28,15,779,0.1938756947181123,0.6293222096484622,3,5,0.6834437676842008,COMPLETE,0.7952731172910441,0.8892445582586428
108,0.8956466069142125,0.8956466069142125,3,0.8439914167680499,174,1.0905605895202595,0.018260890603374446,26,2,983,0.5347614715247089,4.93421966023493,3,5,0.6446253720680458,COMPLETE,0.8088600321765111,0.8956466069142125
109,0.8892445582586428,0.8892445582586428,3,0.8749283182383297,164,4.156054254485465,0.02898769990411098,24,3,855,0.340781442776025,1.3762708225831193,3,5,0.5937668760436875,COMPLETE,0.7895675323680379,0.8892445582586428
110,0.8937259923175416,0.8937259923175416,3,0.8941495142598331,189,0.7509463601918842,0.04944748871534732,28,2,1095,0.7247286870278109,0.4303544394821379,3,5,0.6689848905432378,COMPLETE,0.8066555581092469,0.8937259923175416
111,0.8988476312419974,0.8988476312419974,3,0.7682824511873305,209,0.32405191254758564,0.01635530793755249,27,1,918,0.13445661174276885,0.9382788461729366,3,5,0.6091139702127666,COMPLETE,0.8136788477744579,0.8988476312419974
112,0.9001280409731114,0.9001280409731114,3,0.8624402836970484,200,0.44828444743645535,0.035975137667809694,29,1,1421,0.277300435470343,0.8894061325701618,3,5,0.5702071045080465,COMPLETE,0.815423657396767,0.9001280409731114
113,0.9001280409731114,0.9001280409731114,3,0.865373036895363,198,0.5963499957260199,0.03662652882529103,29,1,1459,0.2807710107367407,1.1154982790371104,3,5,0.5557386265614991,COMPLETE,0.8136769325059372,0.9001280409731114
114,0.8982074263764405,0.8982074263764405,3,0.8591720034937143,199,0.5093197377947166,0.036330793544212744,29,1,1393,0.2399910859860528,0.5628467660681666,3,5,0.5463156998956433,COMPLETE,0.8167394468704512,0.8982074263764405
115,0.8956466069142125,0.8956466069142125,3,0.9717020985206446,224,0.22679481901552873,0.05664869933759372,30,1,1462,0.3081764717682166,3.2032555628664428,3,5,0.5580101572775955,COMPLETE,0.809727648816364,0.8956466069142125
116,0.9001280409731114,0.9001280409731114,3,0.9066670810235211,178,0.8279016875884821,0.04546640996406084,29,1,1526,0.5080975255730308,0.8617860057306316,3,5,0.7103024365909667,COMPLETE,0.8071056462115989,0.9001280409731114
117,0.8969270166453265,0.8969270166453265,3,0.8665843367534573,195,0.6599215450589151,0.022349883374397115,30,2,1441,0.6164308030432922,1.1048612963160915,3,5,0.5925160083355714,COMPLETE,0.8101700758446334,0.8969270166453265
118,0.8994878361075545,0.8994878361075545,3,0.8852289005949495,189,0.00793167792762925,0.040882236475701265,28,1,1380,0.4526513671632466,0.7171390647407627,3,5,0.626617200251907,COMPLETE,0.8101681605761127,0.8994878361075545
119,0.8988476312419974,0.8988476312419974,3,0.8249396377436172,203,0.32101911120438176,0.03355249146737313,12,2,793,0.003174726168009734,0.3607719368077862,3,5,0.5108858740115052,COMPLETE,0.8163104267218264,0.8988476312419974
120,0.8975672215108835,0.8975672215108835,3,0.8468355743423657,236,0.4164901427471961,0.0364066643486993,29,3,1297,0.20035845427282184,1.314754214974847,3,5,0.5366228175695072,COMPLETE,0.8101739063816746,0.8975672215108835
121,0.8982074263764405,0.8982074263764405,3,0.9286741622820898,180,0.14042014032269112,0.04606111091123372,29,1,1522,0.5213268895926081,0.8561909601939577,3,5,0.5803094114250283,COMPLETE,0.8167394468704512,0.8982074263764405
122,0.8956466069142125,0.8956466069142125,3,0.9077791838437702,221,0.5836244197145725,0.058352040176305624,30,1,1352,0.34594502387446024,0.9840784111368446,3,5,0.7016628942686723,COMPLETE,0.8106048417988202,0.8956466069142125
123,0.8943661971830986,0.8943661971830986,3,0.910832436384662,256,0.8333642294480552,0.07282628382702652,29,1,1412,0.6944517706082101,0.20069691789454214,3,5,0.5618285543346188,COMPLETE,0.8136731019688961,0.8943661971830986
124,0.8930857874519846,0.8930857874519846,3,0.8888752490470309,177,2.50224279498882,0.09090381145531581,28,2,1570,0.842577966605634,0.8187624606179287,3,5,0.602443654253657,COMPLETE,0.8014153834367578,0.8930857874519846
125,0.8956466069142125,0.8956466069142125,3,0.8622060172194476,172,0.34875157342005536,0.03097350381974127,17,1,970,0.1600315099885612,0.6235356130909084,3,5,0.6186551263618423,COMPLETE,0.8136807630429785,0.8956466069142125
126,0.8988476312419974,0.8988476312419974,3,0.8368428769789756,188,0.7087896121248543,0.043303181653079136,28,1,1509,0.4211316828746647,1.1699483445306158,3,5,0.6442807274413627,COMPLETE,0.8070999004060369,0.8988476312419974
127,0.8982074263764405,0.8982074263764405,3,0.8803479767382322,202,0.5108609049864387,0.024364367844031478,29,2,1007,0.27964258147563115,1.5526848076353643,3,5,0.5470863225853161,COMPLETE,0.810171991113154,0.8982074263764405
128,0.8988476312419974,0.8988476312419974,3,0.8044622882997824,194,0.21817558192329814,0.04894783394948682,27,2,934,0.581359106030304,1.0460919692720003,3,5,0.5661756308629713,COMPLETE,0.8097276488163642,0.8988476312419974
129,0.8911651728553137,0.8911651728553137,3,0.796472712651072,219,0.09765757733605307,0.11291711210016236,30,1,1067,0.47148412441872567,0.9117120984598466,3,5,0.517410692878761,COMPLETE,0.8189305140580709,0.8911651728553137
