number,values_0,value,params_brics_min_freq,params_colsample_bytree,params_early_stopping_rounds,params_gamma,params_learning_rate,params_max_depth,params_min_child_weight,params_num_boost_round,params_reg_alpha,params_reg_lambda,params_rings_min_freq,params_side_min_freq,params_subsample,state,user_attrs_cv_recall,user_attrs_val_metric
0,0.8911651728553137,0.8911651728553137,3,0.5620296272549872,39,1.3228728314904803,0.020351993790675364,15,10,930,1.079099687069246,0.15472722896277602,3,5,0.8389881181495695,COMPLETE,0.791329579407033,0.8911651728553137
1,0.8770806658130602,0.8770806658130602,3,0.6005851814868687,31,2.6873839653313554,0.013200731491137119,8,6,380,4.984625379079773,1.7170514823415228,3,5,0.4426413894850154,COMPLETE,0.7422106029265303,0.8770806658130602
2,0.885403329065301,0.885403329065301,3,0.6156240563672216,157,2.694505958588876,0.01179599030630388,18,10,447,4.783212254642134,0.6120724573637759,3,5,0.8425672574965859,COMPLETE,0.7641404274879338,0.885403329065301
3,0.8751600512163893,0.8751600512163893,3,0.53006689542252,24,4.199128073017835,0.0016258947202837629,12,8,1148,1.156138505722164,2.261896462970778,3,5,0.9502586023363927,COMPLETE,0.7351968896039225,0.8751600512163893
4,0.8866837387964148,0.8866837387964148,3,0.4440559624055259,113,1.568715896416405,0.04542475617991603,25,11,394,1.76470748523111,0.5803461567150703,3,5,0.5433649950822734,COMPLETE,0.7838734390561556,0.8866837387964148
5,0.8962868117797695,0.8962868117797695,3,0.8093623803878244,121,0.1968334925518761,0.010534811805782968,19,5,1239,2.949742774813731,3.871499709968387,3,5,0.7648347109290082,COMPLETE,0.8014115528997164,0.8962868117797695
6,0.8796414852752881,0.8796414852752881,3,0.5865057032354776,299,2.4958444690587522,0.054813181890710216,4,4,1467,2.975961331027885,2.230395802875482,3,5,0.5088471485496889,COMPLETE,0.7777350034474833,0.8796414852752881
7,0.8783610755441741,0.8783610755441741,3,0.442538698565491,15,0.8956845731921892,0.0050109102477517466,10,5,1367,0.20343888994800108,4.512453285881893,3,5,0.8523649627738205,COMPLETE,0.7303799892744963,0.8783610755441741
8,0.8783610755441741,0.8783610755441741,3,0.7233499630037526,202,2.6664218023508,0.010093238919693036,22,13,1621,0.8636396748502134,3.499073792460446,3,5,0.4162958683060054,COMPLETE,0.7777350034474834,0.8783610755441741
9,0.882202304737516,0.882202304737516,3,0.525747730373828,158,1.4488322162146927,0.2138998279652981,5,4,541,3.697727230375217,3.9456153597284964,3,5,0.7676852073096773,COMPLETE,0.7834444189075309,0.882202304737516
10,0.8892445582586428,0.8892445582586428,3,0.9444575853404715,95,0.17818625490659118,0.001208872205728481,30,1,1913,2.9249740679592957,3.3104048380415665,3,5,0.6502417572534288,COMPLETE,0.7746571669348042,0.8892445582586428
11,0.8892445582586428,0.8892445582586428,3,0.7961604643960591,84,0.15544693992630715,0.040458329698155535,16,15,881,2.1310110471584003,4.954317612204592,3,5,0.6844155782060735,COMPLETE,0.7895732781735999,0.8892445582586428
12,0.8860435339308579,0.8860435339308579,3,0.8653064181923349,221,0.8077521557107226,0.003527500729999969,17,8,871,3.528565768115534,1.3265739550840925,3,5,0.9331681321663978,COMPLETE,0.7781697694016703,0.8860435339308579
13,0.8950064020486556,0.8950064020486556,3,0.7130504002206424,66,1.7404622180905953,0.025487139123372995,22,1,1130,1.3923321660946533,0.012823153369879492,3,5,0.770175560462079,COMPLETE,0.7979008657013714,0.8950064020486556
14,0.8866837387964148,0.8866837387964148,3,0.7207404292862244,74,3.748804884354536,0.10979445688152027,22,1,1189,1.7352707311127973,2.9409075754909595,3,5,0.7447737178469217,COMPLETE,0.7860664215122959,0.8866837387964148
15,0.8834827144686299,0.8834827144686299,3,0.8332302784057304,125,1.887137058659019,0.004301198761153629,27,2,1740,3.8263307845023427,4.037831172921004,3,5,0.5953171144700016,COMPLETE,0.7843082050103425,0.8834827144686299
16,0.8943661971830986,0.8943661971830986,3,0.9598081345953455,61,3.479707576507375,0.03425698087030623,20,3,114,2.5731228861080986,1.4781281198532632,3,5,0.7605219927158509,COMPLETE,0.7777330881789626,0.8943661971830986
17,0.8834827144686299,0.8834827144686299,3,0.665109185571342,191,4.901048347662174,0.09485872534222778,24,6,1345,0.16028152564176068,2.6865223000156004,3,5,0.6370972414318687,COMPLETE,0.7786083658928982,0.8834827144686299
18,0.8930857874519846,0.8930857874519846,3,0.8007765343006614,123,0.7182228316784964,0.020741981282416076,13,7,693,1.737952188094911,3.858185692485347,3,5,0.9936500009707011,COMPLETE,0.7965869914962078,0.8930857874519846
19,0.8886043533930857,0.8886043533930857,3,0.8903233614679897,279,1.9450134285815113,0.0067742987407768285,29,3,1100,4.294187260296919,0.02021630845368664,3,5,0.7997683553352579,COMPLETE,0.7891346816823719,0.8886043533930857
20,0.8943661971830986,0.8943661971830986,3,0.7738524492840417,147,0.08244665369291782,0.0024648923337912305,21,2,1530,2.3167028503806923,0.8475210265436733,3,5,0.7242580228298924,COMPLETE,0.7926415383436758,0.8943661971830986
21,0.8860435339308579,0.8860435339308579,3,0.9882850442215068,58,3.794750390667577,0.03011964746978713,19,3,181,2.6900723969336564,1.5509208515384523,3,5,0.7857202033933278,COMPLETE,0.783871523787635,0.8860435339308579
22,0.8866837387964148,0.8866837387964148,3,0.9187824554860845,60,3.8132752984650335,0.08035111021131683,20,4,113,3.3556283523219834,1.140814800821186,3,5,0.6947474773251135,COMPLETE,0.7838811001302383,0.8866837387964148
23,0.8911651728553137,0.8911651728553137,3,0.9936378950737639,98,3.028502535900354,0.02843702657844524,25,1,708,2.316170176086361,1.9694263316384182,3,5,0.9148768733379375,COMPLETE,0.797025587987436,0.8911651728553137
24,0.8873239436619719,0.8873239436619719,3,0.6715489749225217,54,3.2512699913480563,0.01588954293868227,14,5,1266,3.186290330942921,2.805219353087567,3,5,0.8824091909691995,COMPLETE,0.7746609974718456,0.8873239436619719
25,0.8930857874519846,0.8930857874519846,3,0.7597892607986922,77,1.9449941905129338,0.007223733272540095,23,3,949,1.3610178422648493,1.1050888712311475,3,5,0.8169370585366336,COMPLETE,0.7952712020225234,0.8930857874519846
26,0.8892445582586428,0.8892445582586428,3,0.8416035032123889,138,4.524443564843373,0.024087746352425027,18,2,746,0.6477749137358314,0.33985456259753255,3,5,0.738405948622185,COMPLETE,0.7882536581628745,0.8892445582586428
27,0.8770806658130602,0.8770806658130602,3,0.667662604071061,106,3.4626085518883913,0.28253174466092523,20,5,1088,2.680294957643023,1.8274045726333523,3,5,0.6365662581389713,COMPLETE,0.7799279859036237,0.8770806658130602
28,0.8930857874519846,0.8930857874519846,3,0.9386870975058457,175,0.45039680020332806,0.007781465992610546,26,7,1717,1.9194009254894204,3.0900287553395698,3,5,0.879038627549064,COMPLETE,0.8027292576419214,0.8930857874519846
29,0.8873239436619719,0.8873239436619719,3,0.8856123641583686,44,1.0470098755918347,0.0668938431509393,16,9,955,2.555964199432132,2.474786024338689,3,5,0.6841180435945,COMPLETE,0.790894813452846,0.8873239436619719
30,0.8905249679897568,0.8905249679897568,3,0.7445576236893681,12,2.1331265259143652,0.16754333681073014,28,3,244,1.395969180229288,4.4034670982447555,3,5,0.7626064022826521,COMPLETE,0.7917643453612196,0.8905249679897568
31,0.8930857874519846,0.8930857874519846,3,0.792084807853952,140,0.037410165311776176,0.0022116013022729195,21,2,1491,2.423619525645311,0.602279878960897,3,5,0.7195166832406988,COMPLETE,0.7794855588753543,0.8930857874519846
32,0.8950064020486556,0.8950064020486556,3,0.7748091548466254,41,0.4949072697384689,0.035617313304327845,21,2,1514,2.0218247273263574,0.9046576080242353,3,5,0.8123008517719176,COMPLETE,0.8053512602466866,0.8950064020486556
33,0.8886043533930857,0.8886043533930857,3,0.6932565733714864,37,1.3069013321218623,0.035582810320891944,19,1,1327,4.053241422533107,0.31709823082546973,3,5,0.8179694329180897,COMPLETE,0.7922086876580097,0.8886043533930857
34,0.8969270166453265,0.8969270166453265,3,0.8299917803118865,68,0.47665424307325854,0.01638634071503737,23,4,1957,1.4274765245215106,0.8716259518705483,3,5,0.7874955491712718,COMPLETE,0.8044740672642305,0.8969270166453265
35,0.8988476312419974,0.8988476312419974,3,0.833409172212782,38,0.5782927553177338,0.01411970709711652,23,4,1960,0.9892076028337939,0.8812626646677052,3,5,0.8554273592049596,COMPLETE,0.7987799739523481,0.8988476312419974
36,0.8950064020486556,0.8950064020486556,3,0.8283810399219841,83,1.1248201013617605,0.015431809402478546,24,6,1923,0.5846252014612486,0.1429041521385524,3,5,0.8514861434235771,COMPLETE,0.7970294185244772,0.8950064020486556
37,0.8956466069142125,0.8956466069142125,3,0.614559939081736,34,0.5605006182670801,0.010580332158448436,23,7,2000,1.14152428458116,0.47267371901480293,3,5,0.897180257295359,COMPLETE,0.7943901785030262,0.8956466069142125
38,0.8962868117797695,0.8962868117797695,3,0.6162427737505445,26,0.4837631063542371,0.011158486606008983,26,7,1997,1.076655247395633,0.8388068107377303,3,5,0.8846378194465305,COMPLETE,0.7838638627135525,0.8962868117797695
39,0.8943661971830986,0.8943661971830986,3,0.537809211020667,24,0.3646693774272771,0.0123584515248406,27,11,1792,0.4229160479835484,0.8046783232023589,3,5,0.9688383779168012,COMPLETE,0.790006128859266,0.8943661971830986
40,0.8886043533930857,0.8886043533930857,3,0.4703612008611851,14,1.1923804012735901,0.009105692421521896,25,9,1871,0.9992467323847375,1.9789807247748845,3,5,0.8599320118110195,COMPLETE,0.7540546234582088,0.8886043533930857
41,0.8898847631241997,0.8898847631241997,3,0.6026052400047776,29,0.6668035512988411,0.012011931113655661,23,7,1983,0.8004997861228401,0.4342931265349853,3,5,0.9093345222071665,COMPLETE,0.7987723128782656,0.8898847631241997
42,0.8988476312419974,0.8988476312419974,3,0.6443817288224151,46,0.38198458115260214,0.005780302750204676,26,5,2000,1.1888184874113117,1.2088875081790107,3,5,0.8873849539048082,COMPLETE,0.7996571669348043,0.8988476312419974
43,0.8886043533930857,0.8886043533930857,3,0.5772919165764763,48,0.3030687702383441,0.0051116158198513065,30,5,1644,1.4813221181203162,1.2923390895701514,3,5,0.834530192894114,COMPLETE,0.7886903393855819,0.8886043533930857
44,0.8975672215108835,0.8975672215108835,3,0.6390853258259501,23,0.8912900521641886,0.018052292627276496,26,6,1834,1.1183218633815986,0.7402609405764415,3,5,0.9313911766235182,COMPLETE,0.7978989504328508,0.8975672215108835
45,0.8988476312419974,0.8988476312419974,3,0.6513340712187236,99,1.4578160248714607,0.019438240621734357,27,4,1846,0.007610629514652967,1.0273678251261,3,5,0.9586791036258816,COMPLETE,0.801842488316862,0.8988476312419974
46,0.8962868117797695,0.8962868117797695,3,0.6418768882028344,86,0.9980723298883263,0.019020445077028762,28,6,1818,0.016073525655436294,1.0199476533476552,3,5,0.9329274361919031,COMPLETE,0.801842488316862,0.8962868117797695
47,0.8924455825864277,0.8924455825864277,3,0.6380850617518087,75,1.4779476584936555,0.015920455903037877,27,4,1638,0.35188528204083325,1.6312143257903413,3,5,0.9839858342299418,COMPLETE,0.7979046962384125,0.8924455825864277
48,0.8982074263764405,0.8982074263764405,3,0.5470545942879242,101,0.9112497345348192,0.053047263562318356,29,4,1863,0.7220874505888726,0.6177548535505493,3,5,0.9339502374759971,COMPLETE,0.795707883245231,0.8982074263764405
49,0.8969270166453265,0.8969270166453265,3,0.4879696855382734,106,0.7880903663182586,0.0432864509723138,29,4,1731,0.8070071343729761,1.2935820580386377,3,5,0.9597043167803496,COMPLETE,0.7974565234045814,0.8969270166453265
50,0.8943661971830986,0.8943661971830986,3,0.40406453936549,95,0.9190003932109145,0.05154584724750399,29,5,1852,0.5592638926130074,0.6622964238784439,3,5,0.9406371889490767,COMPLETE,0.7978989504328508,0.8943661971830986
51,0.8924455825864277,0.8924455825864277,3,0.5593141544533423,68,1.6215087149959047,0.005900720329187359,26,4,1908,0.9258914417238939,0.6525994605801594,3,5,0.9140159263987525,COMPLETE,0.7733452079981614,0.8924455825864277
52,0.8950064020486556,0.8950064020486556,3,0.6875382275695526,47,1.3127207987183307,0.003360979192375646,24,5,1786,1.637407691816786,1.1208799889357701,3,5,0.9637275733426971,COMPLETE,0.7816766260629742,0.8950064020486556
53,0.8892445582586428,0.8892445582586428,3,0.5120502214616962,112,2.281348870311956,0.020092751643957955,28,6,1930,1.2871219271569403,1.3923879658609444,3,5,0.8653821522605684,COMPLETE,0.7878188922086877,0.8892445582586428
54,0.8930857874519846,0.8930857874519846,3,0.6379559063294069,67,0.26154898357637324,0.023540690177506002,10,4,1700,0.35822049789307364,0.2672401267984391,3,5,0.47724061311446375,COMPLETE,0.8075404121657856,0.8930857874519846
55,0.8918053777208707,0.8918053777208707,3,0.5734781553843633,22,0.6487906626324429,0.013995895306748678,30,4,1609,1.5467552907805024,0.6949221027766257,3,5,0.9275535218407762,COMPLETE,0.7970198421818739,0.8918053777208707
56,0.8988476312419974,0.8988476312419974,3,0.7324937145697843,88,0.8856690321555962,0.008739195002251872,26,6,1847,0.04617272344542189,0.9999321796738856,3,5,0.9914674017369026,COMPLETE,0.7996514211292423,0.8988476312419974
57,0.8930857874519846,0.8930857874519846,3,0.7341726713211267,85,0.9718188125179309,0.008830631176873088,26,6,1825,0.06616639664101717,1.8329873459495536,3,5,0.9994146382764654,COMPLETE,0.7996533363977629,0.8930857874519846
58,0.8950064020486556,0.8950064020486556,3,0.7134976048735795,128,0.8105253008131383,0.0038564261658027644,25,5,1564,0.26672940293383307,0.986049128396229,3,5,0.976803719075251,COMPLETE,0.801403891825634,0.8950064020486556
59,0.8924455825864277,0.8924455825864277,3,0.6588275390493074,235,1.6340603013792776,0.006023535395089966,27,8,1444,0.5143537165977845,0.5020660773969051,3,5,0.963448514302183,COMPLETE,0.7974622692101433,0.8924455825864277
60,0.8386683738796414,0.8386683738796414,3,0.5947730142777228,52,1.3844804946732523,0.0027989729519956458,3,13,1887,0.7647637422502744,2.211553575085789,3,5,0.9498908949763164,COMPLETE,0.656735999387114,0.8386683738796414
61,0.8956466069142125,0.8956466069142125,3,0.5466398299241072,100,1.1742399197275846,0.017563218669389286,24,3,1941,1.1861181393374671,1.1984965141080115,3,5,0.9030977880419242,COMPLETE,0.7957059679767104,0.8956466069142125
62,0.8956466069142125,0.8956466069142125,3,0.8585107396214346,58,0.1997682596089716,0.12225360324127155,28,6,1777,0.14997691391564802,1.4601892781971273,3,5,0.9235254443475968,COMPLETE,0.8136769325059372,0.8956466069142125
63,0.8962868117797695,0.8962868117797695,3,0.6932069189073867,89,0.6741498409163984,0.004764417687657515,29,5,1681,0.7044063787394789,0.833189178093956,3,5,0.9440353507967834,COMPLETE,0.7987780586838276,0.8962868117797695
64,0.8982074263764405,0.8982074263764405,3,0.8206743900774486,73,0.3605392482600918,0.008992965700430754,25,3,1860,0.9924547329371316,0.982673471956705,3,5,0.8852934198197099,COMPLETE,0.8031601930590669,0.8982074263764405
65,0.8975672215108835,0.8975672215108835,3,0.8985570527327164,118,0.0020633762607071837,0.00928507743724353,25,3,1852,0.9812478798583972,0.17108457828854073,3,5,0.8908555119364503,COMPLETE,0.8062341990347047,0.8975672215108835
66,0.8930857874519846,0.8930857874519846,3,0.7530269364768253,37,0.8911766989811103,0.00783862938807501,27,8,1752,0.20514121995991866,1.6355089995922056,3,5,0.870175529119382,COMPLETE,0.7900099593963074,0.8930857874519846
67,0.8898847631241997,0.8898847631241997,3,0.8162693549013124,77,0.28489275555722404,0.006119699952913141,7,3,1871,1.2274627557493125,1.2139240748747968,3,5,0.9986250404092817,COMPLETE,0.7895713629050793,0.8898847631241997
68,0.8994878361075545,0.8994878361075545,3,0.7740837547332516,166,0.6118204049576469,0.02849863760693645,26,2,1678,1.8979871815462241,1.0687651787016654,3,5,0.9805271093516986,COMPLETE,0.7970217574503946,0.8994878361075545
69,0.8956466069142125,0.8956466069142125,3,0.7780410301714382,163,0.6010228553797433,0.05587466998348161,22,2,1572,1.834942829711273,1.037733643942201,3,5,0.836557975812894,COMPLETE,0.8049203248295409,0.8956466069142125
70,0.8982074263764405,0.8982074263764405,3,0.8535980974266034,178,0.3715971221292878,0.028704012650175092,30,3,1697,0.42214459496940315,1.3547413779098174,3,5,0.9739063771481231,COMPLETE,0.8044721519957099,0.8982074263764405
71,0.8982074263764405,0.8982074263764405,3,0.8473462602421916,193,0.34682222110242245,0.026601618286095287,30,3,1675,0.44466119970438023,1.438926477832719,3,5,0.9797921996627582,COMPLETE,0.8022830000766106,0.8982074263764405
72,0.9001280409731114,0.9001280409731114,3,0.8784382373015726,180,0.14487731547273697,0.030829550442862768,28,2,1427,0.6594937382816191,0.9982104540292912,3,5,0.9821164801284125,COMPLETE,0.8088542863709491,0.9001280409731114
73,0.9026888604353394,0.9026888604353394,3,0.8062253859214091,219,0.15827216212905887,0.022726947564877597,28,2,1427,0.8552516577499536,0.5798888820930411,3,5,0.9526681824788557,COMPLETE,0.8084137746112006,0.9026888604353394
74,0.8975672215108835,0.8975672215108835,3,0.7989863446906635,219,0.15006384610399842,0.03369968314120711,28,2,1397,2.1639303907942744,0.5487247578894016,3,5,0.9556580848649255,COMPLETE,0.8097314793534054,0.8975672215108835
75,0.9001280409731114,0.9001280409731114,3,0.8720991242393682,250,0.0943362244900483,0.0580585652360957,29,1,1025,0.6379827526392333,0.3281484581949766,3,5,0.5618741219074983,COMPLETE,0.8110510993641309,0.9001280409731114
76,0.8969270166453265,0.8969270166453265,3,0.9009594719746571,257,0.15684900934410353,0.06776529782345213,27,1,1222,0.2703749687683531,0.4222639518398725,3,5,0.5225921355969869,COMPLETE,0.8084233509538038,0.8969270166453265
77,0.8962868117797695,0.8962868117797695,3,0.8787391752543386,229,0.5692808209944717,0.022858892067257455,28,1,835,0.6492349852560924,0.10452542272131937,3,5,0.9997911967783408,COMPLETE,0.8057879414693939,0.8962868117797695
78,0.8988476312419974,0.8988476312419974,3,0.9188471323754873,265,0.08684819202230984,0.03801585322092141,26,2,1026,0.8923916056826078,0.25895503613675497,3,5,0.6543755618860831,COMPLETE,0.815867999693557,0.8988476312419974
79,0.8994878361075545,0.8994878361075545,3,0.7345225780450868,210,0.43209918445929363,0.013976691579627621,27,1,1132,0.08240359511852005,0.9393819804012942,3,5,0.5746842559678473,COMPLETE,0.8127978242549606,0.8994878361075545
80,0.8969270166453265,0.8969270166453265,3,0.8705475138266189,205,0.03486836101176109,0.0016242994257434319,29,1,1193,0.5939448783473305,0.3949815230164916,3,5,0.5704534449297877,COMPLETE,0.7886865088485406,0.8969270166453265
81,0.9020486555697823,0.9020486555697823,3,0.7284673940341332,175,0.47973286816480365,0.030577538782907615,26,2,1014,0.07605276927337175,0.9274027032427006,3,5,0.5923085138022893,COMPLETE,0.8145617865624761,0.9020486555697823
82,0.9014084507042254,0.9014084507042254,3,0.7627779327661056,176,0.4583465830388611,0.013909104519005278,27,2,998,0.17324632448157878,0.7561729495787062,3,5,0.5697865407833822,COMPLETE,0.8084118593426798,0.9014084507042254
83,0.8988476312419974,0.8988476312419974,3,0.7608546524052556,167,0.4404551233562862,0.014091653705388976,24,2,1020,0.24402939044017746,0.7941926026416654,3,5,0.5853803380057224,COMPLETE,0.8084118593426798,0.8988476312419974
84,0.9007682458386683,0.9007682458386683,3,0.7900235045513789,189,0.5082694991906128,0.03208294198180053,28,1,1123,0.42569759501244675,1.2020417025947276,3,5,0.549328265391694,COMPLETE,0.8145560407569141,0.9007682458386683
85,0.8937259923175416,0.8937259923175416,3,0.776411771114347,182,0.238664837591411,0.031347887052037574,28,1,1138,4.893714928651175,0.5554029629695202,3,5,0.5453284584796735,COMPLETE,0.8044740672642303,0.8937259923175416
86,0.8950064020486556,0.8950064020486556,3,0.7870510718647,206,0.7177919822443282,0.046269030893773044,29,2,1310,0.5570035766769554,0.914849669045767,3,5,0.6151059735214726,COMPLETE,0.8088581169079904,0.8950064020486556
87,0.8982074263764405,0.8982074263764405,3,0.8383039949686388,191,0.5201588808557901,0.02150710273432396,27,1,1069,0.34828152942962687,0.7979305798707199,3,5,0.5570460043633475,COMPLETE,0.8145579560254348,0.8982074263764405
88,0.8994878361075545,0.8994878361075545,3,0.809493465525002,148,0.17734605751835125,0.02596371614625816,30,2,864,0.08439560602649208,0.7328967474496496,3,5,0.49060937218814143,COMPLETE,0.809727648816364,0.8994878361075545
89,0.8975672215108835,0.8975672215108835,3,0.8032583579668313,151,0.14286699531235783,0.026188272769603615,30,1,906,0.14282765198605712,0.6807314379378264,3,5,0.47052407665302376,COMPLETE,0.8149888914425801,0.8975672215108835
90,0.8969270166453265,0.8969270166453265,3,0.7464837443903893,215,0.003029101367033743,0.04174656280909047,29,2,829,0.15347641369438747,0.03168776294518039,3,5,0.5247873315634437,COMPLETE,0.8101681605761127,0.8969270166453265
91,0.8892445582586428,0.8892445582586428,3,0.7627585090031576,171,0.4863625988659761,0.06384158587030905,28,1,982,0.4621295888009467,1.1622196447246975,3,5,0.6097017609819921,COMPLETE,0.8158622538879952,0.8892445582586428
92,0.8962868117797695,0.8962868117797695,3,0.8145870723576787,244,0.27187581214869383,0.031124127840318944,30,2,1121,0.2953974438465801,0.29266233443896617,3,5,0.48319475456404315,COMPLETE,0.812793993717919,0.8962868117797695
93,0.8898847631241997,0.8898847631241997,3,0.7309484052344919,185,2.9014655953697437,0.013030967173634188,27,2,784,0.8227335049977185,0.5028655032004833,3,5,0.4974618626907448,COMPLETE,0.7904466406190148,0.8898847631241997
94,0.8924455825864277,0.8924455825864277,3,0.7074467214452536,198,0.6134447745298924,0.08476040636242554,25,1,588,0.08713290559458196,0.9059158249674979,3,5,0.42546870192438846,COMPLETE,0.8167585995556577,0.8924455825864277
