number,values_0,value,params_brics_min_freq,params_colsample_bytree,params_early_stopping_rounds,params_gamma,params_learning_rate,params_max_depth,params_min_child_weight,params_num_boost_round,params_reg_alpha,params_reg_lambda,params_rings_min_freq,params_side_min_freq,params_subsample,state,user_attrs_cv_recall,user_attrs_val_metric
96,0.8877865025466893,0.8877865025466893,3,0.7647482736137643,266,0.09249724925017844,0.06699356371930816,13,1,1659,1.444473462660595,3.1461445358994293,3,5,0.7860179438264284,COMPLETE,0.8176223856584693,0.8877865025466893
97,0.8839045698924731,0.8839045698924731,3,0.794402924301726,269,0.0016828289547687475,0.062068028325036766,13,1,1529,1.2528031131326915,3.115380165500344,3,5,0.7762971268553992,COMPLETE,0.8123592277637324,0.8839045698924731
98,0.884035441426146,0.884035441426146,3,0.7956621935390478,268,0.09605432544718445,0.036887130414232056,13,1,1510,1.1992972858989848,2.9081019057134516,3,5,0.7834750271591027,COMPLETE,0.8127978242549606,0.884035441426146
99,0.8857898273910583,0.8857898273910583,3,0.7104701639457808,266,0.1209932673160366,0.022924548144447943,13,1,1531,1.0907744931670982,2.6711182655215,3,5,0.7409498196195449,COMPLETE,0.8110568451696928,0.8857898273910583
100,0.8844086021505376,0.8844086021505376,3,0.73513394168702,270,0.10022622417068466,0.018132054661740078,13,1,1522,1.072878069568958,2.6584271465616,3,5,0.7384884990785475,COMPLETE,0.8097333946219261,0.8844086021505376
101,0.8879173740803621,0.8879173740803621,3,0.7104943756270496,268,0.08582688459606803,0.021733801400879566,13,1,1373,1.0473623399529903,2.67673806721853,3,5,0.7131778728779901,COMPLETE,0.8114916111238795,0.8879173740803621
102,0.8856589558573854,0.8856589558573854,3,0.7357888738922652,269,0.06337263787426248,0.022441679083527483,13,1,1357,1.1234643738899324,2.6675009632404696,3,5,0.7147262461209565,COMPLETE,0.8154332337393703,0.8856589558573854
103,0.8842777306168648,0.8842777306168648,3,0.7113055065177106,263,0.10113224311237132,0.0217184501535269,14,1,1381,0.781308580915194,2.6234928045472268,3,5,0.7454930831540898,COMPLETE,0.8136788477744579,0.8842777306168648
104,0.886032116581777,0.886032116581777,3,0.6659619378015713,265,0.08718407204172508,0.02040050453465308,14,1,1356,0.6707679352717594,2.6798616005042795,3,5,0.6898951310695309,COMPLETE,0.8127978242549606,0.886032116581777
105,0.8861629881154499,0.8861629881154499,3,0.6770635614239987,253,0.098028067263716,0.015550270190155624,14,1,1368,0.5703388889290151,2.4743758180281112,3,5,0.6941962985261663,COMPLETE,0.8110491840956101,0.8861629881154499
106,0.8906798245614035,0.8906798245614035,3,0.6655489664879989,258,0.09502980042984095,0.013944970674532087,14,1,1410,0.5407643172388582,2.4702445682807155,3,5,0.694682054421739,COMPLETE,0.8136750172374168,0.8906798245614035
107,0.8856589558573854,0.8856589558573854,3,0.6488519137511751,254,0.048596231308210516,0.013009149396699487,14,1,1361,0.6284243162341075,2.4559543262205215,3,5,0.7094680345246834,COMPLETE,0.8167451926760132,0.8856589558573854
108,0.8812729909451047,0.8812729909451047,3,0.6616686139799351,253,0.5117630942985089,0.014824912448852725,15,2,1348,0.3481872358713579,2.389803930859893,3,5,0.659999071653608,COMPLETE,0.8097353098904467,0.8812729909451047
109,0.8898026315789473,0.8898026315789473,3,0.6415037986517113,255,0.0714519425883972,0.00926826632212668,15,2,1202,0.5267796455740966,2.4952382285674837,3,5,0.7133409131438421,COMPLETE,0.8049145790239791,0.8898026315789473
110,0.8852857951329938,0.8852857951329938,3,0.6249052107864848,65,0.013162524939276374,0.009552462586897034,14,2,1213,0.49782500014160874,2.441291999243425,3,5,0.6924482913638097,COMPLETE,0.809298628667739,0.8852857951329938
111,0.884035441426146,0.884035441426146,3,0.6166141334126749,60,0.0017907323723630048,0.00916331225259988,14,2,1206,0.5132526063690356,2.5262129909127986,3,5,0.7144239925971968,COMPLETE,0.8057917720064353,0.884035441426146
112,0.8874133418222976,0.8874133418222976,3,0.6540720623700493,36,0.26111192071165257,0.010869050871556303,15,1,1443,0.7973552517857612,2.1058497722582894,3,5,0.691416909299889,COMPLETE,0.8097353098904467,0.8874133418222976
113,0.8905489530277306,0.8905489530277306,3,0.6580775035774735,59,0.2597032810141532,0.01071095443972608,15,1,1460,0.8024543294429102,2.046010258307554,3,5,0.6934194765063711,COMPLETE,0.8088581169079905,0.8905489530277306
114,0.8894294708545557,0.8894294708545557,3,0.6607791157498059,40,0.21783568987946494,0.00975305261677606,15,2,1456,0.8157185261624226,2.1329396360905006,3,5,0.6915442148259747,COMPLETE,0.8057879414693939,0.8894294708545557
115,0.8855475382003396,0.8855475382003396,3,0.6660520024301065,43,0.2181114603609377,0.011954301281918692,16,1,1455,0.7957635796317124,1.981683031705891,3,5,0.6922537481412049,COMPLETE,0.8071037309430782,0.8855475382003396
116,0.8826542161856253,0.8826542161856253,3,0.6776080722062929,37,0.4270748187544284,0.01564009919807631,15,2,1345,0.18447909537149593,2.0870905920854863,3,5,0.6400210018104712,COMPLETE,0.8057860262008733,0.8826542161856253
117,0.8715124504810414,0.8715124504810414,3,0.6438574730379275,25,0.5657014147244486,0.006207217781289974,15,1,1253,0.9136785897622206,2.2755158056438884,3,5,0.709291857303305,COMPLETE,0.7807956025434766,0.8715124504810414
118,0.8792568619128467,0.8792568619128467,3,0.5955974286681406,46,2.5045917836863953,0.009852337551006824,17,2,1405,0.654048915581811,2.718347449425258,3,5,0.6664183742070253,COMPLETE,0.7935168160576113,0.8792568619128467
119,0.8721473542727787,0.8721473542727787,3,0.6965167466697617,10,0.4362218892541027,0.013810008584624067,16,1,1134,0.9679070868039201,1.8434101900696171,3,5,0.7290684570014774,COMPLETE,0.7812456906458285,0.8721473542727787
120,0.887171052631579,0.887171052631579,3,0.6489613993552835,55,0.25682118606130977,0.011603903568696148,14,3,1464,0.620401151660785,2.171933807781552,3,5,0.6897551631274546,COMPLETE,0.8040393013100438,0.887171052631579
121,0.8852857951329938,0.8852857951329938,3,0.6442113041386864,55,0.27463466373467316,0.00787348844921555,14,3,1459,0.5266318916865503,2.175467339151042,3,5,0.6864965835416678,COMPLETE,0.7943863479659848,0.8852857951329938
122,0.8851549235993209,0.8851549235993209,3,0.6551571200868116,26,0.2190621603362946,0.02254339780724756,15,1,1351,0.668284624739562,2.524417143933299,3,5,0.646800572073129,COMPLETE,0.8110472688270896,0.8851549235993209
123,0.8852857951329938,0.8852857951329938,3,0.6732120209085962,80,0.07899223633032786,0.010443187026523661,13,2,1413,0.28952585107445694,2.342029077169397,3,5,0.7008053121726336,COMPLETE,0.8084214356852829,0.8852857951329938
124,0.8882905348047538,0.8882905348047538,3,0.6962384295168081,34,0.35604881163326746,0.012716756973101406,14,1,1474,1.416980099489619,2.2258475810188485,3,5,0.6704145011590986,COMPLETE,0.8092967133992186,0.8882905348047538
125,0.8834005376344086,0.8834005376344086,3,0.6308635540741993,50,0.37436768355734146,0.027216391397359433,15,2,1482,1.3966689204593707,2.1010111485237495,3,5,0.6719612869153682,COMPLETE,0.8027215965678389,0.8834005376344086
126,0.8638600028296548,0.8638600028296548,3,0.6945769172046755,41,3.5588484311706527,0.008333535097351909,16,1,1277,1.0847550732495073,1.9037226650026542,3,5,0.6159520311039782,COMPLETE,0.7794817283383131,0.8638600028296548
127,0.8884214063384267,0.8884214063384267,3,0.6823073356839788,33,0.6592967443427064,0.011650685508511664,14,1,1328,0.8209105175130834,2.2555229456921397,3,5,0.6597486939792013,COMPLETE,0.801403891825634,0.8884214063384267
128,0.8847817628749293,0.8847817628749293,3,0.7152673040973743,31,0.6325116764665021,0.01124267689754312,16,3,1436,0.8103335481986595,1.6630756673921132,3,5,0.6632940883144842,COMPLETE,0.7979027809698919,0.8847817628749293
129,0.8821501839275608,0.8821501839275608,3,0.678550305669839,36,0.5052226195384821,0.01663084722933604,14,2,1482,0.8833528726980772,2.318175667775839,3,5,0.6815311311930358,COMPLETE,0.8062284532291427,0.8821501839275608
