number,values_0,value,params_colsample_bytree,params_early_stopping_rounds,params_gamma,params_learning_rate,params_max_depth,params_min_child_weight,params_num_boost_round,params_reg_alpha,params_reg_lambda,params_subsample,state
0,0.9009137801165743,0.9009137801165743,0.7365140196998659,359,3.345774219759645,0.02890022252628312,10,5,423,0.2886223623578721,1.5726433182763877,0.6369087953954209,COMPLETE
1,0.8946064198301051,0.8946064198301051,0.6578018365729028,131,3.298873096936922,0.09386826453270125,25,4,2625,3.026282597730895,4.682620813659931,0.7324689447086615,COMPLETE
2,0.9024590555006542,0.9024590555006542,0.815994835343544,393,1.2322868945381078,0.07770616639376317,28,6,2875,1.8464697969360815,3.6106361904684148,0.6102555876041044,COMPLETE
3,0.8833680361773963,0.8833680361773963,0.9517073444604556,99,4.8280299064098635,0.00718951222016114,6,8,3203,2.8729956715501204,0.4694703068788991,0.5072831858889604,COMPLETE
4,0.9026213394358307,0.9026213394358307,0.7771337519831447,189,2.6146072286032886,0.03626555147700933,15,4,3485,0.5534787433396365,1.9504600591564754,0.8244608519851122,COMPLETE
5,0.8989193665027763,0.8989193665027763,0.8458012028876188,229,2.851498073084766,0.006530826776702844,16,5,1153,0.4925575939247301,2.1533737688211314,0.5429245789835476,COMPLETE
6,0.9027462253059815,0.9027462253059815,0.7652929599976421,100,0.630654811876642,0.030628588900594035,8,3,1457,4.783318192596266,3.6004541426024446,0.8174526670466837,COMPLETE
7,0.8943795065892461,0.8943795065892461,0.9626809411830898,279,1.1294448226226979,0.010968371973865581,24,8,988,3.479476452559619,4.421336255896825,0.47548276985114346,COMPLETE
8,0.8958726889627945,0.8958726889627945,0.6924989952393962,247,2.1050938116165643,0.009654821893224743,18,4,323,1.18435664704022,4.388531310628397,0.868060670127547,COMPLETE
9,0.8917403219787843,0.8917403219787843,0.8621413602277325,197,4.4378603089061786,0.005058419529856155,6,4,2574,1.2852182587417778,4.357028450621406,0.7793176603547135,COMPLETE
10,0.8936246781603145,0.8936246781603145,0.5090044605555867,14,0.24888859350239123,0.016295674426132396,12,1,1917,4.932070740165118,2.90154606982604,0.973262824267485,COMPLETE
11,0.8982995018751225,0.8982995018751225,0.6302906129435745,130,1.8743221841062268,0.04068115044095563,13,1,1718,4.581384673026746,1.2953648049007085,0.8594145751949712,COMPLETE
12,0.907657270072041,0.907657270072041,0.7813041366363626,57,0.2140086035486295,0.0408856263788464,22,2,3493,3.9001837762468496,3.223103782828868,0.8375740581603961,COMPLETE
13,0.9048924627463185,0.9048924627463185,0.5523761439532203,27,0.3274761005854932,0.05080310530556767,23,2,2028,4.035423586312868,3.140742187683516,0.9821468073554928,COMPLETE
14,0.9070548218432968,0.9070548218432968,0.5592743442819123,15,0.08446829014575094,0.05100740243299034,21,2,2186,3.9006582520086055,2.8782838743234245,0.9704076311908005,COMPLETE
15,0.8983392893767516,0.8983392893767516,0.5954167849720202,57,1.1764344303468928,0.058141706193245705,21,10,2244,3.916468622036468,2.501309281237777,0.9344315696878058,COMPLETE
16,0.909332059250292,0.909332059250292,0.6951697887027903,63,0.0028005044299064252,0.019862983372285318,30,2,3023,2.1575918804849588,3.609265353473141,0.9023643980206747,COMPLETE
17,0.9086400852053347,0.9086400852053347,0.8935377681797649,74,0.830053551205144,0.01871947870061783,30,2,3417,1.9484305224322152,3.7130942890498773,0.8944402896908021,COMPLETE
18,0.9021111681807301,0.9021111681807301,0.9065227281694351,154,1.709045022212488,0.018396021718076305,30,7,3013,2.1527134378120234,3.8204378289809884,0.9038057644499468,COMPLETE
19,0.9055871712926866,0.9055871712926866,0.712731086364421,74,0.8280575429237562,0.014135152057037742,28,3,2584,1.7098141657821602,4.987687104769564,0.7288270998560723,COMPLETE
20,0.9032129775430949,0.9032129775430949,0.9988210484625467,154,1.4514314299333977,0.0217778560892717,30,1,3150,2.494711874259419,3.9696213509926728,0.4083954780515227,COMPLETE
21,0.9104045909957577,0.9104045909957577,0.8068917136338039,62,0.014617301432067891,0.023750237902023078,26,2,3498,2.581481929438592,3.1838008246369816,0.9009717648671896,COMPLETE
22,0.9062618387889853,0.9062618387889853,0.8815238023941039,86,0.6808896478983897,0.023801195221086965,27,3,3284,2.52569067057504,2.580152713501506,0.9125864034771024,COMPLETE
23,0.9097474125847367,0.9097474125847367,0.803531529748778,46,0.004139338339786924,0.012630582063385765,26,2,2745,1.2183520815468611,3.339095566259906,0.7700177975373289,COMPLETE
24,0.9073903694063159,0.9073903694063159,0.8130265489867687,43,0.022790222150754415,0.012374123847652718,25,3,2820,1.2006921133757578,3.2995214652857765,0.7786261486510446,COMPLETE
25,0.9099258955070489,0.9099258955070489,0.6904796148557857,115,0.5688393537909848,0.009162370844754858,27,1,2331,0.9268998689314635,4.041408685785382,0.7717399215156975,COMPLETE
26,0.9109667190775383,0.9109667190775383,0.734251714776412,118,0.5381245791311956,0.00886056733533265,19,1,2403,0.8365948602818447,4.110049301073536,0.6577935106375803,COMPLETE
27,0.9109260986833843,0.9109260986833843,0.652035394782531,124,0.5392548468278671,0.008499465708185782,19,1,2325,0.7690195157319907,4.139809137693853,0.6718466661561029,COMPLETE
28,0.9055880830633688,0.9055880830633688,0.6332186730272436,164,2.1069804492100204,0.007901393353536224,19,1,1686,0.08526864223820019,4.930449338653153,0.6552105825733985,COMPLETE
29,0.8942817755030811,0.8942817755030811,0.7495290253856078,298,3.964237757190327,0.005575644141241548,19,1,632,0.7863835049118613,4.224007197461454,0.6645295422742213,COMPLETE
30,0.9029702177613498,0.9029702177613498,0.7308454079005655,173,0.9874266020285583,0.027820101342485568,16,10,2386,3.2542830634160627,1.3505457335571847,0.5945070164017372,COMPLETE
31,0.908786210647089,0.908786210647089,0.6634170945255156,120,0.6025151622730313,0.010020679072653551,20,1,2271,0.9844559660610184,4.008964646144214,0.6967404187925521,COMPLETE
32,0.9105593979192317,0.9105593979192317,0.6764644643564283,115,0.41199367444823043,0.0088132894567762,23,1,2482,1.571633269268058,4.14799252220632,0.6910211917981713,COMPLETE
33,0.9051989503219552,0.9051989503219552,0.648699264031897,142,1.4509536894042907,0.008147255149443538,23,2,2470,1.6321066166402098,4.582038270031898,0.6077122970276596,COMPLETE
34,0.9076953556776992,0.9076953556776992,0.7305693369957196,113,0.39091667146859876,0.015912385640122692,17,3,2056,0.044767601701295456,4.799794466948582,0.6964538854538924,COMPLETE
35,0.8943684884544864,0.8943684884544864,0.6076176679654532,103,3.2953569927553246,0.0073616151181920865,24,5,1514,1.4897467031394953,2.8552472037753374,0.5559798890802442,COMPLETE
36,0.9055358720654061,0.9055358720654061,0.6718427874373779,91,1.4024488414373608,0.0061812027874569055,21,6,2734,0.5360163849050077,4.682939514177475,0.6468238435933988,COMPLETE
37,0.9091476791958595,0.9091476791958595,0.8280512607461674,183,0.5060188524598273,0.025854128338542684,15,1,2974,2.6580601746888335,4.170582921561146,0.7332590414327995,COMPLETE
38,0.9072507641995948,0.9072507641995948,0.779682578347874,136,0.9401362426124595,0.011816881465942626,18,2,1926,0.7259513050702922,1.8565523139211462,0.5886744968430582,COMPLETE
39,0.8843373850188498,0.8843373850188498,0.7216589990412137,217,2.9229731666824943,0.014293314567936697,25,4,114,0.37561933146457493,3.515691768447132,0.6823082990016888,COMPLETE
40,0.9051309106969558,0.9051309106969558,0.7633628811500187,386,1.1474975868414587,0.006576807943979171,23,3,1156,2.1771780430849534,0.8881880606699011,0.7396328840614972,COMPLETE
41,0.9117021052375656,0.9117021052375656,0.6946305793030971,114,0.4181810465203491,0.008877851793270811,28,1,2368,0.8845006197275855,3.9173491426587326,0.7472726484855271,COMPLETE
42,0.9109825726533443,0.9109825726533443,0.6796834563886909,84,0.37356768008969615,0.008726879498220982,28,1,2558,0.7279879832184134,3.8700213054049906,0.6225363620647534,COMPLETE
43,0.9121779609458354,0.9121779609458354,0.6779260380402533,93,0.39760633892230274,0.008596632461540197,29,1,2556,0.3447384534698129,4.505551590644511,0.6157696890962551,COMPLETE
44,0.9097560609776709,0.9097560609776709,0.6024492006905879,86,0.7685907371364524,0.011050648552086218,28,1,2652,0.3212603668156256,4.533478570309349,0.6280811567558345,COMPLETE
45,0.9094479175652893,0.9094479175652893,0.7087919034074055,133,0.39048815326735015,0.00661810371413538,11,1,2193,0.691090414553052,3.8609579055951384,0.5654432778534939,COMPLETE
46,0.9083829251617977,0.9083829251617977,0.636529524481215,257,1.0423841782595145,0.005010214560097978,28,2,2481,0.2223705242433387,0.2530394670385143,0.4770881144868239,COMPLETE
47,0.9037550593682082,0.9037550593682082,0.5793003706315389,203,0.264624678245315,0.010227137103525684,13,9,2098,0.9793583782062357,4.3267955562431935,0.5263103889898151,COMPLETE
48,0.901373737042942,0.901373737042942,0.6524688376429053,101,2.4525396326142888,0.008270136685398334,8,1,1860,0.5127055231834882,4.465179527416347,0.6247225417102109,COMPLETE
49,0.8942619417276754,0.8942619417276754,0.6857345212141616,33,1.6790653975896443,0.005741617132426034,29,2,2877,1.3460250506179658,3.5611594528407204,0.57453095113233,COMPLETE
50,0.9050851277303467,0.9050851277303467,0.7520058041344946,151,1.2693840865864197,0.09495941411628826,26,4,2654,0.9977000212938025,4.7106195241878766,0.8016954559113229,COMPLETE
51,0.9105440718830964,0.9105440718830964,0.6743591379702534,123,0.472396869219395,0.00865064089475745,29,1,2463,0.7049129901132595,3.804527941837991,0.6718260987335306,COMPLETE
52,0.9076724837799816,0.9076724837799816,0.618485679156151,82,0.24915005261640016,0.007448284280610214,22,1,2410,1.4926050060318543,4.158115779135662,0.7226931646210161,COMPLETE
53,0.9092002913579261,0.9092002913579261,0.7026650860551272,107,0.70755580620386,0.009211351697380778,27,1,2599,0.2658353731614542,4.196012700507474,0.713842252044774,COMPLETE
54,0.9078647186256219,0.9078647186256219,0.6756775980651568,66,0.21660120235995425,0.010937777013136911,24,2,2130,1.1286380466329637,4.409871083066718,0.6413267213212018,COMPLETE
55,0.9063401883777479,0.9063401883777479,0.652055533362598,328,0.8749906159216776,0.007008020528493286,29,6,2302,0.861776267483849,3.4227166843972863,0.7491190588570044,COMPLETE
56,0.9089682053359034,0.9089682053359034,0.7386079052390971,168,0.6128631432445788,0.01443924466496873,20,2,2853,0.5690098473996383,3.668527623343949,0.6161825681567217,COMPLETE
57,0.8900052465206919,0.8900052465206919,0.5150216961978668,145,4.719026658136736,0.009567888927570874,17,3,2530,1.9082783976179511,3.8731803722009017,0.6854005379086183,COMPLETE
58,0.9108860689850105,0.9108860689850105,0.5752372011820873,93,0.35380477949320555,0.013107304810676332,26,1,1732,0.40235944228811055,3.0392152872534934,0.5305426707334542,COMPLETE
59,0.9116073202116037,0.9116073202116037,0.5750882966198787,98,0.15390731598975255,0.012968155512087897,26,2,1671,0.40992705810584895,3.0590022266940173,0.5202478804850231,COMPLETE
60,0.9080408000895435,0.9080408000895435,0.5512173889231291,36,0.14481136801643618,0.011033087534706117,29,2,1501,0.11800420624951358,2.6803308861185413,0.43732493160957664,COMPLETE
61,0.9126735360572289,0.9126735360572289,0.5850130661234048,77,0.34280597522894096,0.01583828774627412,25,1,1702,0.4160388243616552,3.0686297620584266,0.49474028797470837,COMPLETE
62,0.9094150754808672,0.9094150754808672,0.5204783289887841,51,0.7182068196025895,0.015538220522190553,27,1,1252,0.5806735923955421,2.174089537929981,0.4972166352982446,COMPLETE
63,0.9103515150499639,0.9103515150499639,0.5789287494169999,72,0.5792356496632,0.01754017130912114,25,2,1668,0.19529975951313527,2.970149627991711,0.4937512559252633,COMPLETE
64,0.9107844916809237,0.9107844916809237,0.6308078291928497,128,0.17245516492044527,0.007739005545350915,28,1,1355,1.0948080172894779,2.1675204896920235,0.45824503430187136,COMPLETE
65,0.9055263591093835,0.9055263591093835,0.6169780898539905,78,0.8804770531732906,0.012157957842716673,30,1,1988,1.3651450838763313,3.977428054188119,0.5190513408693821,COMPLETE
66,0.9045936650118213,0.9045936650118213,0.5455724540813568,97,0.5087266278379234,0.020438737067291993,26,7,1838,0.8408885786928102,3.3468946479810793,0.5513780921117066,COMPLETE
67,0.8898431053128235,0.8898431053128235,0.5310604216823838,12,0.14639931504226894,0.010123315869533767,27,2,2246,0.4073509711464711,2.6749758287544076,0.5861832304174295,COMPLETE
68,0.9002448228983612,0.9002448228983612,0.7136082293407883,60,4.022515082702882,0.07812824470022403,22,1,919,0.010520289922214987,3.1540959894166445,0.6045678815451497,COMPLETE
69,0.9066839308034303,0.9066839308034303,0.587721945067958,24,1.2954889642260305,0.03354795346428321,28,2,1653,0.69360966587175,2.372397566536926,0.7085423585448022,COMPLETE
70,0.9083949228299628,0.9083949228299628,0.6403962988055979,185,1.0927238255920408,0.005703256211978226,25,1,2734,0.45582415898098155,3.710868685659865,0.7549711904741169,COMPLETE
71,0.910470809328028,0.910470809328028,0.5632883620289013,92,0.35842712371298924,0.012805112446664407,26,1,1741,0.3344299219225305,3.0081002337173346,0.5350020657983161,COMPLETE
72,0.9122893542326735,0.9122893542326735,0.576849345577064,109,0.3297203875002403,0.013589818997047445,19,1,1990,0.6395971561493885,3.475466680308319,0.6615278654988206,COMPLETE
73,0.9095508297604944,0.9095508297604944,0.5351053132231232,113,0.7499165321633836,0.01674213759355604,19,1,1582,0.6041010325836036,3.543814838675495,0.662818511730144,COMPLETE
74,0.9122749150282017,0.9122749150282017,0.5022569841111226,108,0.01567464302051652,0.013700836675400532,18,2,2001,0.8132958758122065,4.308444654301212,0.6420624878194682,COMPLETE
