number,values_0,value,params_brics_min_freq,params_colsample_bytree,params_early_stopping_rounds,params_gamma,params_learning_rate,params_max_depth,params_min_child_weight,params_num_boost_round,params_reg_alpha,params_reg_lambda,params_rings_min_freq,params_side_min_freq,params_subsample,state,user_attrs_cv_recall,user_attrs_val_metric
0,0.8649155722326454,0.8649155722326454,3,0.9714073700691229,58,3.0194290026902153,0.0010702629012402348,23,6,1122,1.9085251864468815,2.44931998059775,3,5,0.8007816124183386,COMPLETE,0.7588734390561556,0.8649155722326454
1,0.8649155722326454,0.8649155722326454,3,0.5751222812718044,47,2.5344622144555515,0.21041082237890066,7,3,927,1.923422489360314,1.6688826922036375,3,5,0.4033606462023649,COMPLETE,0.7794989657549989,0.8649155722326454
2,0.8731343283582089,0.8731343283582089,3,0.5438594644265831,42,1.1307913159316774,0.06519207438032337,16,13,976,2.7529653869549215,2.5887309407672983,3,5,0.8969768255990447,COMPLETE,0.7913257488699916,0.8731343283582089
3,0.8677354709418837,0.8677354709418837,3,0.4383824464111899,288,4.536810955739806,0.006386012681624832,5,8,1086,2.7996012218295165,2.388018261708713,3,5,0.4044997782350302,COMPLETE,0.7220428254041217,0.8677354709418837
4,0.83203125,0.83203125,3,0.5657562961405609,38,1.5678595476774404,0.0012402344539662752,16,14,1977,3.4675360411455376,4.89348024171917,3,5,0.5286322962027453,COMPLETE,0.7124013636711867,0.83203125
5,0.8654205607476636,0.8654205607476636,3,0.9255899275218472,291,1.27692477508706,0.12343152119400017,18,4,1582,3.785978379077184,3.101774082782,3,5,0.8003566125141398,COMPLETE,0.7943978395771089,0.8654205607476636
6,0.8694817658349329,0.8694817658349329,3,0.5488716519177849,108,2.729709018837064,0.015219117808682384,6,4,719,2.8691467502105694,1.8960871624663256,3,5,0.5363569228373868,COMPLETE,0.7698364360683368,0.8694817658349329
7,0.8687258687258688,0.8687258687258688,3,0.594825669291191,233,3.502196099349236,0.018559632684885082,7,8,1055,1.1146383949988015,2.295159956506347,3,5,0.5223588128224095,COMPLETE,0.7746629127403661,0.8687258687258688
8,0.8790786948176583,0.8790786948176583,3,0.4320551524624423,89,3.9917378774372363,0.0503754566799731,8,10,1442,0.38025003361865206,2.364596270032407,3,5,0.7622593792322688,COMPLETE,0.7689669041599633,0.8790786948176583
9,0.8571428571428571,0.8571428571428571,3,0.990620493619102,267,0.49134258677395626,0.11311866924184413,28,14,495,1.5616977245355679,3.6406789117609364,3,5,0.6207695164145095,COMPLETE,0.8040373860415231,0.8571428571428571
10,0.8714555765595463,0.8714555765595463,3,0.7887271940646792,176,4.997935675015981,0.03655936017095007,13,11,113,0.0012519555886670308,0.3838001131825761,3,5,0.9925246635775342,COMPLETE,0.7816689649888915,0.8714555765595463
11,0.8714011516314779,0.8714011516314779,3,0.40409389972617415,115,3.9390266287229188,0.04819337333752213,11,11,1452,4.858187960099584,0.7216935705229632,3,5,0.9282492304066555,COMPLETE,0.7566804566000153,0.8714011516314779
12,0.856353591160221,0.856353591160221,3,0.6961376225132628,12,1.656359156217925,0.05545535398120652,19,11,1465,0.00631180260574693,3.5287694826737273,3,5,0.8107813997320277,COMPLETE,0.7983452079981614,0.856353591160221
13,0.8726591760299626,0.8726591760299626,3,0.4800151188403284,103,0.220755361544811,0.00647234692678677,11,12,1852,0.816167340846639,1.3743129014353022,3,5,0.880101172112509,COMPLETE,0.7926434536121963,0.8726591760299626
14,0.8672897196261682,0.8672897196261682,3,0.652769200389722,172,0.9492313616474618,0.021751885599734438,24,15,1295,4.361727773299984,4.3903753960256235,3,5,0.7058816304489065,COMPLETE,0.7851911437983605,0.8672897196261682
15,0.8674463937621832,0.8674463937621832,3,0.48537389412151694,79,2.04134853065938,0.24965625985037748,3,1,728,2.5828206384319397,3.02006226591525,3,5,0.760027803172228,COMPLETE,0.7729085267754539,0.8674463937621832
16,0.8558052434456929,0.8558052434456929,3,0.7835478330923201,134,3.8908637078489883,0.09908077308165111,15,9,1656,3.2781674072778775,1.1576321075361324,3,5,0.8839575124736103,COMPLETE,0.7777407492530453,0.8558052434456929
17,0.8715953307392996,0.8715953307392996,3,0.4975852905248091,14,3.1155766865023176,0.00606599719903109,21,13,485,0.7341901988791157,3.001698368735438,3,5,0.6796369935451099,COMPLETE,0.725986363288133,0.8715953307392996
18,0.8716981132075472,0.8716981132075472,3,0.40115376055003726,76,1.9754971452375296,0.06659945081624466,10,9,1282,2.093417623934008,3.7970586131195243,3,5,0.9682696069705476,COMPLETE,0.7772964069562551,0.8716981132075472
19,0.8656716417910447,0.8656716417910447,3,0.6409936451794411,208,0.7875459822554003,0.032085079198674885,30,10,829,3.9939990645646892,2.001230319226793,3,5,0.8748898109828588,COMPLETE,0.7886980004596644,0.8656716417910447
20,0.8783269961977186,0.8783269961977186,3,0.761130011344381,81,4.5966732072494185,0.00878581593166445,14,6,1755,1.2289328608986052,0.9938241917712125,3,5,0.722924228446641,COMPLETE,0.779043131847085,0.8783269961977186
21,0.8806818181818182,0.8806818181818182,3,0.7947792591082129,79,4.354278671319342,0.011567343253461386,14,6,1753,0.5309008405668824,0.20188588925399698,3,5,0.723484390685552,COMPLETE,0.7803627518578106,0.8806818181818182
22,0.8726235741444867,0.8726235741444867,3,0.8020797399888584,144,4.470830065666146,0.009536129818041358,13,6,1791,0.4695000557870027,0.3082814932880943,3,5,0.6874468171481298,COMPLETE,0.7838676932505937,0.8726235741444867
23,0.8754716981132076,0.8754716981132076,3,0.8568272609011635,83,4.87976798257769,0.0032230635881384637,9,6,1762,1.2435981564246128,0.05533127866999843,3,5,0.7423377453759346,COMPLETE,0.761066421512296,0.8754716981132076
24,0.8773946360153256,0.8773946360153256,3,0.7371009469170015,127,4.173751391661177,0.002366462264263976,13,7,1544,0.5671807488431568,1.0086912581118028,3,5,0.6244270847012965,COMPLETE,0.7641346816823719,0.8773946360153256
25,0.8761904761904762,0.8761904761904762,3,0.8485753203332586,91,3.5730214739652384,0.010879804217294486,9,5,1981,1.3221990548152225,0.7518991547782623,3,5,0.6282616075971162,COMPLETE,0.7834310120278862,0.8761904761904762
26,0.8796992481203008,0.8796992481203008,3,0.7247401520903246,73,4.5058690995273105,0.02732154030495859,14,2,1352,0.36991184131821053,1.476010336116552,3,5,0.7493932258119392,COMPLETE,0.785183482724278,0.8796992481203008
27,0.8823529411764706,0.8823529411764706,3,0.7147210670608891,61,4.215732891240087,0.03320664643800223,18,1,1298,0.3213079369542693,1.6031504031124029,3,5,0.8204251747022595,COMPLETE,0.7913257488699916,0.8823529411764706
28,0.8863636363636364,0.8863636363636364,3,0.7061042366450295,30,3.444429525689021,0.02834868158518139,19,1,1294,0.2597231360856526,1.493071481189036,3,5,0.8507698624744907,COMPLETE,0.7926415383436758,0.8863636363636364
29,0.888015717092338,0.888015717092338,3,0.6638738556867897,25,3.1020834200390905,0.013871111080598417,24,1,1210,1.666322782883324,0.4780581595273011,3,5,0.826093360887437,COMPLETE,0.7737838044893894,0.888015717092338
30,0.8759398496240601,0.8759398496240601,3,0.6761801996504294,32,3.0845027692308875,0.01508873113032159,24,1,1195,2.21295718802059,0.5509257257235113,3,5,0.8108492168834567,COMPLETE,0.7843101202788632,0.8759398496240601
31,0.8886756238003839,0.8886756238003839,3,0.6176181980217521,28,3.421855410195176,0.022834939168496944,21,2,1200,0.8439776445822681,0.324382404298192,3,5,0.8568447247623773,COMPLETE,0.7878188922086877,0.8886756238003839
32,0.8811320754716981,0.8811320754716981,3,0.629483910702304,56,3.4781436999307553,0.02490225677387233,22,2,1214,1.6187640166895865,1.7023889227304247,3,5,0.8453110494510085,COMPLETE,0.7851892285298399,0.8811320754716981
33,0.8770949720670391,0.8770949720670391,3,0.6901978224952434,28,2.7208490437014157,0.03643006527745047,26,2,954,0.8489979251492835,1.2162260121805952,3,5,0.8376495451772024,COMPLETE,0.7913200030644296,0.8770949720670391
34,0.8809073724007561,0.8809073724007561,3,0.6039921451020686,54,3.335733693900049,0.017174383546095857,20,1,1126,1.5585283743089056,0.7100068654310742,3,5,0.9359062974783451,COMPLETE,0.783871523787635,0.8809073724007561
35,0.875,0.875,3,0.7350457362737399,10,2.2344739631809367,0.004546102874977629,23,3,1164,0.15167301517954077,1.672470656776673,3,5,0.922161271624612,COMPLETE,0.777286830613652,0.875
36,0.8681732580037664,0.8681732580037664,3,0.6570292241857068,43,3.791018464969177,0.07157385729855886,17,3,1005,0.9769574100745735,2.1148453043635924,3,5,0.8410256546250017,COMPLETE,0.786066421512296,0.8681732580037664
37,0.8759398496240601,0.8759398496240601,3,0.6075318736575133,29,2.9149250282428083,0.01304861507208576,19,4,1344,1.8606772822897035,0.05764720789472122,3,5,0.7870842016151722,COMPLETE,0.7715927373017697,0.8759398496240601
38,0.8796296296296297,0.8796296296296297,3,0.5766933523947176,59,2.3030409327223538,0.023433259886327593,26,2,813,0.2352295762544574,2.6771767622488984,3,5,0.8560437817401129,COMPLETE,0.7983432927296407,0.8796296296296297
39,0.8813559322033898,0.8813559322033898,3,0.5427034458150972,60,3.2651766391041157,0.04117586312263132,17,1,1066,0.7418577444091543,0.5105042739086962,3,5,0.9062308405283962,COMPLETE,0.7869378686891902,0.8813559322033898
40,0.862708719851577,0.862708719851577,3,0.8412949594926571,24,3.6831411063746136,0.14181157729356775,26,3,1580,1.032545034109857,0.8668392739865465,3,5,0.957907051825272,COMPLETE,0.7930705584923006,0.862708719851577
41,0.8842504743833017,0.8842504743833017,3,0.5150138744505446,45,3.261854346724297,0.039913049885570547,18,1,1063,0.6458705008978832,0.5222123251217192,3,5,0.9102999475561782,COMPLETE,0.7917700911667817,0.8842504743833017
42,0.88996138996139,0.88996138996139,3,0.5342717485443507,43,2.7812263790620046,0.01865939893334678,21,1,1239,0.6580526434628073,1.3672681193458593,3,5,0.7854032722747115,COMPLETE,0.7891308511453305,0.88996138996139
43,0.8757062146892656,0.8757062146892656,3,0.5276355773643703,46,2.6593617989833582,0.018337362478459157,21,3,916,1.5188557170121688,0.5265155230301546,3,5,0.7869976753838697,COMPLETE,0.7869397839577108,0.8757062146892656
44,0.8766603415559773,0.8766603415559773,3,0.5130614735463884,42,2.926760193527048,0.08323660921916168,22,2,1380,1.796496529577483,0.27126992935191785,3,5,0.8554353574851485,COMPLETE,0.7843120355473837,0.8766603415559773
45,0.8895348837209303,0.8895348837209303,3,0.5712134565663377,22,2.4172942337011323,0.007440768366322094,20,4,1229,1.013061281414303,1.2350148637472103,3,5,0.8942167555129121,COMPLETE,0.759754462575653,0.8895348837209303
46,0.8712121212121212,0.8712121212121212,3,0.5664278552662301,21,2.422079436617322,0.0073541027738492516,24,4,1245,1.069305783840335,1.3989097668802812,3,5,0.42600019406679135,COMPLETE,0.7395866850532445,0.8712121212121212
47,0.8806262230919765,0.8806262230919765,3,0.6168188611595509,30,1.7189798926597124,0.0046801083355941814,20,4,1478,2.25309620075223,1.1381255177217433,3,5,0.7851904832015286,COMPLETE,0.7553704129318931,0.8806262230919765
48,0.8759398496240601,0.8759398496240601,3,0.5817972144706358,97,2.524299530762754,0.013654883990307967,25,5,1149,1.3351358975287482,1.862215566243847,3,5,0.9496263103672092,COMPLETE,0.7895694476365587,0.8759398496240601
49,0.8912213740458015,0.8912213740458015,3,0.6670389689486524,11,1.3984191500659302,0.007930214539680212,22,2,883,0.8818565536739084,1.2578688055683638,3,5,0.9910901270721124,COMPLETE,0.7720332490615185,0.8912213740458015
50,0.8882466281310212,0.8882466281310212,3,0.6667628638602043,10,1.490727438424707,0.0013482145609981823,22,2,875,0.9707920905412895,0.8623941752369613,3,5,0.9723592439446319,COMPLETE,0.7702769478280855,0.8882466281310212
51,0.8857715430861723,0.8857715430861723,3,0.4478881444702376,12,1.4446837292235035,0.0011040444087326593,22,2,585,0.9215682408271729,0.8481179071316592,3,5,0.9956335233745199,COMPLETE,0.7483605301463265,0.8857715430861723
52,0.884393063583815,0.884393063583815,3,0.6677490537020045,21,1.2393712620638722,0.0015953958967311597,23,5,871,1.1085187844907107,1.271592438012675,3,5,0.9979714578691584,COMPLETE,0.7628208074772083,0.884393063583815
53,0.8817829457364341,0.8817829457364341,3,0.6269237812467167,68,2.0146650747308854,0.0015416497646158736,21,3,699,1.4755619776085356,0.8942955983950118,3,5,0.9672811951492901,COMPLETE,0.7619436144947521,0.8817829457364341
54,0.8903591682419659,0.8903591682419659,3,0.5598416459456902,38,0.9497117271335184,0.00481565170325348,25,2,988,0.7498899207049768,1.0980793100823578,3,5,0.8950779949401847,COMPLETE,0.7707078832452311,0.8903591682419659
55,0.8891050583657587,0.8891050583657587,3,0.5513234851847341,37,0.9196588565306008,0.002584780414801143,20,3,670,0.714348713834691,1.106836223578322,3,5,0.8880228685332966,COMPLETE,0.7601949743354017,0.8891050583657587
56,0.884393063583815,0.884393063583815,3,0.4605942308532169,250,0.6039936114959803,0.003945838405722264,28,4,230,0.682887818565385,2.2142344623974326,3,5,0.8947900700910926,COMPLETE,0.7584367578334483,0.884393063583815
57,0.8990291262135922,0.8990291262135922,3,0.5508406820295192,39,0.17365721761081332,0.002511552652136683,20,3,629,0.10866411764127581,1.926916408405817,3,5,0.8748542011801439,COMPLETE,0.7615050180035242,0.8990291262135922
58,0.8720472440944882,0.8720472440944882,3,0.5484314680663,39,0.2960408563765238,0.0023867525551279005,16,5,549,2.957282956775144,1.8808594080677445,3,5,0.8715108250346769,COMPLETE,0.7439669041599632,0.8720472440944882
59,0.8903591682419659,0.8903591682419659,3,0.5909736557613925,115,0.964864640862763,0.002664552766527949,28,3,437,0.0789203393179887,1.064455249704032,3,5,0.932446167426704,COMPLETE,0.7759748716770092,0.8903591682419659
60,0.8857677902621723,0.8857677902621723,3,0.5933596842878777,198,0.039527348918277694,0.005505149729256466,28,4,433,0.09788400821023246,1.342272232902895,3,5,0.9306444973533318,COMPLETE,0.7891327664138512,0.8857677902621723
61,0.8891013384321224,0.8891013384321224,3,0.5609142360786119,170,0.9974288406539333,0.0028252097082014684,29,3,372,0.030184185190387014,1.0801144468372315,3,5,0.8993562097357125,COMPLETE,0.7759767869455299,0.8891013384321224
62,0.8907721280602636,0.8907721280602636,3,0.5298802631107977,115,0.7256343384000243,0.0035534917809110383,20,3,735,0.5195336870840805,1.5685286035324182,3,5,0.9350318142528601,COMPLETE,0.7869397839577108,0.8907721280602636
63,0.8841698841698842,0.8841698841698842,3,0.4890391012728037,112,0.675955294107712,0.0018646694295633656,27,4,794,0.4934135666620547,1.5725320983393858,3,5,0.9453277839928844,COMPLETE,0.7658928981843254,0.8841698841698842
64,0.8886792452830189,0.8886792452830189,3,0.5333941211672594,155,0.37129684086427894,0.0034990258776524345,30,3,629,0.4251008315894332,1.7612714959398053,3,5,0.9191629218769893,COMPLETE,0.7873745499118976,0.8886792452830189
65,0.8880597014925373,0.8880597014925373,3,0.5083318053322015,123,0.007236590232063356,0.007348090379852721,25,2,299,0.27018060702955415,2.555655720085593,3,5,0.9835340766602413,COMPLETE,0.7864954416609209,0.8880597014925373
66,0.8802946593001841,0.8802946593001841,3,0.5888890288176456,140,1.1179351120970797,0.005209320344458192,18,3,759,0.5414619274427561,1.9677299844565672,3,5,0.9467029216923639,COMPLETE,0.7965850762276871,0.8802946593001841
67,0.8891013384321224,0.8891013384321224,3,0.4618408388661629,298,0.4422701134021073,0.00196185113412263,19,5,1017,0.39661499223243724,4.900430673990138,3,5,0.8726027874954345,COMPLETE,0.7698402666053781,0.8891013384321224
68,0.8833333333333333,0.8833333333333333,3,0.5276965488195156,70,1.8074221815164973,0.008875442051815261,23,2,542,0.1705307685748071,1.472093523267535,3,5,0.9779681120584586,COMPLETE,0.7961445644679385,0.8833333333333333
69,0.8914285714285715,0.8914285714285715,3,0.42331119455844546,90,0.8096611941690228,0.0037376227673458274,25,1,658,0.007563724906003322,1.28180585567463,3,5,0.9249734599709182,COMPLETE,0.7882421665517505,0.8914285714285715
70,0.8908045977011494,0.8908045977011494,3,0.4292077590811158,103,0.8648963878999959,0.0037621263764364534,27,1,480,0.0021739098765258674,2.052606859497327,3,5,0.6542216030847826,COMPLETE,0.7807994330805179,0.8908045977011494
71,0.8938223938223938,0.8938223938223938,3,0.41993237120169075,103,0.6897447473956428,0.0035432551129325205,27,1,459,0.021360532291446188,2.421295280104293,3,5,0.6568433935030681,COMPLETE,0.7742204857120968,0.8938223938223938
72,0.896887159533074,0.896887159533074,3,0.4225921177276527,102,0.7336998324925437,0.0032161726200636027,27,1,440,0.048959333060774046,2.6854281767014125,3,5,0.6485562708883146,COMPLETE,0.7750995939630736,0.896887159533074
73,0.8929961089494164,0.8929961089494164,3,0.4063755377605275,103,0.7747674929220172,0.0037777879794136456,27,1,366,0.2522436358841359,2.7968872298262077,3,5,0.6609735020920464,COMPLETE,0.7663295794070331,0.8929961089494164
74,0.8988326848249028,0.8988326848249028,3,0.419481667989701,104,0.7002649878096914,0.003880018559843601,27,1,325,0.007585985941330739,2.8329711743217016,3,5,0.6536793251541902,COMPLETE,0.771596567838811,0.8988326848249028
75,0.8957915831663327,0.8957915831663327,3,0.42018817918178925,102,0.5477384264562366,0.003838897554889888,27,1,175,0.03404841423903822,2.795969864545616,3,5,0.6527040107024878,COMPLETE,0.7641385122194132,0.8957915831663327
76,0.8893360160965795,0.8893360160965795,3,0.42090215329272357,91,0.5415880152710987,0.0019626184399395676,27,1,214,0.2823013834726515,2.8184076111885448,3,5,0.563646090434341,COMPLETE,0.7540546234582088,0.8893360160965795
77,0.893574297188755,0.893574297188755,3,0.4122145476480869,126,0.22300914033574332,0.0030428839574165967,29,1,149,0.16669675186875949,3.2820351318795247,3,5,0.5888978953418924,COMPLETE,0.7562514364513905,0.893574297188755
78,0.8902195608782435,0.8902195608782435,3,0.41104568900518856,102,0.21431664617669022,0.002895661693738583,29,1,113,0.1673913928170475,3.2814439117297147,3,5,0.5890996873519233,COMPLETE,0.7527407492530453,0.8902195608782435
79,0.8893280632411067,0.8893280632411067,3,0.4443104993917748,128,0.16671086840513438,0.0043214994027884505,29,1,174,0.346812362218168,3.262123482246937,3,5,0.654984324348303,COMPLETE,0.7676530299547997,0.8893280632411067
80,0.876,0.876,3,0.4686268814431784,89,0.4496799630172555,0.003140017517128551,30,1,316,4.869640230739473,2.813081113746156,3,5,0.6611546924060688,COMPLETE,0.7373937025971041,0.876
81,0.887378640776699,0.887378640776699,3,0.4109324705218069,123,0.7614666516573311,0.0062515280276201615,26,1,341,0.18188626385627207,2.4030305356487425,3,5,0.6068425543541957,COMPLETE,0.7772964069562553,0.887378640776699
82,0.8952569169960475,0.8952569169960475,3,0.4350893351392412,108,1.115120945525248,0.0023188147531748617,27,2,389,0.016526683606002304,3.126648649836235,3,5,0.6975674773067086,COMPLETE,0.758877269593197,0.8952569169960475
83,0.8930693069306931,0.8930693069306931,3,0.43403983159731224,107,1.0866375890624882,0.0022553511456253426,27,2,261,9.186298954291794e-05,3.9080330409890003,3,5,0.7057681496257674,COMPLETE,0.7562456906458286,0.8930693069306931
84,0.8926441351888668,0.8926441351888668,3,0.44062389617084546,143,1.1051002020999374,0.0021331242549809974,27,2,262,0.3432680016613261,4.010039424955585,3,5,0.7049785565632527,COMPLETE,0.7549279859036238,0.8926441351888668
85,0.8802395209580839,0.8802395209580839,3,0.4006743920587271,154,0.5738755644881103,0.0022785831781933033,29,7,160,0.16803704881673237,3.12332791474153,3,5,0.6850578849752796,COMPLETE,0.7352007201409638,0.8802395209580839
86,0.872255489021956,0.872255489021956,3,0.4718775004942701,108,0.1517302242237473,0.001637343011570851,27,2,388,4.61876063933599,2.6875292568224847,3,5,0.638128671204807,COMPLETE,0.733448249444572,0.872255489021956
87,0.897029702970297,0.897029702970297,3,0.45469872543459394,132,1.2995945110529643,0.003047515553415413,26,1,288,0.27552041305333064,3.5064480329002894,3,5,0.7275430350105065,COMPLETE,0.7623841262545009,0.897029702970297
88,0.8972332015810277,0.8972332015810277,3,0.4406201282880292,133,0.32630148750732746,0.0031712965508132714,28,2,258,0.09835927020727046,3.5285247275855136,3,5,0.7229906557625827,COMPLETE,0.7623802957174597,0.8972332015810277
89,0.892,0.892,3,0.45608811100015473,134,1.240622285628954,0.00316478580678053,28,1,175,0.42621112808825684,3.617929676827825,3,5,0.7300029195306532,COMPLETE,0.7580000766107408,0.892
90,0.8897338403041825,0.8897338403041825,3,0.4831177111484495,151,0.32788842330582196,0.0042129592356094005,26,1,434,0.13128612271307222,3.469633385651592,3,5,0.605034456748645,COMPLETE,0.7851758216501954,0.8897338403041825
91,0.8869047619047619,0.8869047619047619,3,0.4364126864919174,131,0.6120084692963803,0.0013487617397455768,30,2,277,0.02119270098180773,3.9160698440317123,3,5,0.6943608459638163,COMPLETE,0.7540565387267295,0.8869047619047619
92,0.8928571428571429,0.8928571428571429,3,0.42247524986968144,119,0.4359587772870715,0.0028166817703095433,28,2,230,0.2915020240758119,4.35605807647215,3,5,0.6725395044192422,COMPLETE,0.7575672259250747,0.8928571428571429
93,0.8818897637795275,0.8818897637795275,3,0.4500236063615386,109,1.3353717566339225,0.002445272870773591,26,2,142,0.5900796656763021,3.4312635827160296,3,5,0.7147320333806506,COMPLETE,0.754493219949437,0.8818897637795275
94,0.8832997987927566,0.8832997987927566,3,0.435190157629429,137,0.10851670530132967,0.0017940143980639518,29,1,103,0.11975740997426097,2.962743874432806,3,5,0.5155072639271936,COMPLETE,0.7479161878495365,0.8832997987927566
95,0.884765625,0.884765625,3,0.4918246695501572,80,1.0857774739640986,0.0031306510942692143,24,2,322,0.4023326519134467,3.1922641957700932,3,5,0.6350420851969336,COMPLETE,0.7628246380142496,0.884765625
