number,values_0,value,params_brics_min_freq,params_colsample_bytree,params_early_stopping_rounds,params_gamma,params_learning_rate,params_max_depth,params_min_child_weight,params_num_boost_round,params_reg_alpha,params_reg_lambda,params_rings_min_freq,params_side_min_freq,params_subsample,state,user_attrs_cv_recall,user_attrs_val_metric
96,0.8730769230769231,0.8730769230769231,3,0.9270594194656077,96,0.2917339632865581,0.002138295832145525,25,9,404,3.764366099388651,3.783067137271576,3,5,0.7612144298057354,COMPLETE,0.7501015092315944,0.8730769230769231
97,0.8908730158730159,0.8908730158730159,3,0.47478643866360465,149,0.5120570701161565,0.0010248030084865191,29,1,492,0.20546967703134594,2.9323098502307547,3,5,0.7322342293513511,COMPLETE,0.7654485558875355,0.8908730158730159
98,0.8473581213307241,0.8473581213307241,3,0.4235324180426708,159,0.6448034467069121,0.005458781057631155,26,15,266,0.0049494685254343335,3.3648699736661745,3,5,0.5704543177496286,COMPLETE,0.7299337317091856,0.8473581213307241
99,0.8897795591182365,0.8897795591182365,3,0.4133690256272309,124,0.381309146597651,0.0026708166937439238,28,2,217,0.47037283476945163,2.2856868885640074,3,5,0.7453181309970935,COMPLETE,0.7522964069562552,0.8897795591182365
100,0.8605108055009824,0.8605108055009824,3,0.4562834243310941,97,0.24136376248786873,0.003394842336253172,27,12,339,0.10643996760533081,4.17608651018381,3,5,0.6764017211519155,COMPLETE,0.7387056615337471,0.8605108055009824
101,0.8941176470588236,0.8941176470588236,3,0.40434805839141635,85,0.8343852113176818,0.004849874218047055,27,1,361,0.26320438269376767,2.49009641909113,3,5,0.6461899538278549,COMPLETE,0.7724680150157052,0.8941176470588236
102,0.8831683168316832,0.8831683168316832,3,0.4342593464639106,119,1.570646693168318,0.00481830082693472,28,1,193,0.29216119173260446,2.524793760172966,3,5,0.6397749551122273,COMPLETE,0.7597525473071325,0.8831683168316832
103,0.8897485493230174,0.8897485493230174,3,0.44621706419032076,85,0.8385738629223108,0.004110978063547841,30,2,520,0.5939047416493958,3.070559497656765,3,5,0.6136151138406486,COMPLETE,0.7672086876580098,0.8897485493230174
104,0.8997995991983968,0.8997995991983968,3,0.40095790524077973,110,1.000013943006494,0.002190267168850105,26,1,460,0.23299940483172388,3.674238774451079,3,5,0.6942830300902654,COMPLETE,0.7615050180035241,0.8997995991983968
105,0.8938223938223938,0.8938223938223938,3,0.500997699436597,97,0.7015543260992421,0.003107647839827465,25,1,465,0.21797855359805152,3.6056987176828734,3,5,0.6931588754136352,COMPLETE,0.7794798130697924,0.8938223938223938
106,0.8910505836575876,0.8910505836575876,3,0.5033452995550451,75,1.2035256581241358,0.0025632580132884837,25,1,586,0.35509609794986724,3.638505601039465,3,5,0.6938440543857205,COMPLETE,0.7733452079981613,0.8910505836575876
107,0.8993963782696177,0.8993963782696177,3,0.4007935850439803,64,0.6883306390286117,0.001720676135586944,24,1,477,0.24737069441686163,2.6953398927679815,3,5,0.7152043795797124,COMPLETE,0.7584405883704896,0.8993963782696177
108,0.8947368421052632,0.8947368421052632,3,0.40128297190707984,84,1.0162983820176577,0.001217420447852367,26,1,407,0.42950669929879776,2.6646051338996877,3,5,0.6720242328619472,COMPLETE,0.7461598866161036,0.8947368421052632
109,0.8949494949494949,0.8949494949494949,3,0.40499167185249674,51,0.8803396965690068,0.0013850860459810582,24,2,411,0.7862147273103177,2.6435298221248282,3,5,0.7144759257836902,COMPLETE,0.747040910135601,0.8949494949494949
110,0.8869047619047619,0.8869047619047619,3,0.46030932043239176,51,0.9350874484266545,0.001342232280080648,24,3,414,0.4929129906292678,2.6947143282433736,3,5,0.7203164789913346,COMPLETE,0.7496667432774076,0.8869047619047619
111,0.8909090909090909,0.8909090909090909,3,0.4046824370120443,64,1.0259830803213354,0.0011663703201244338,26,2,375,0.5889449008859269,2.612566814101375,3,5,0.7721996454693212,COMPLETE,0.7505477667969049,0.8909090909090909
112,0.8917835671342685,0.8917835671342685,3,0.4002507597628696,70,0.8537315762233563,0.0015291442098085881,23,1,298,0.3344059072639651,2.903175493827,3,5,0.6488041723311543,COMPLETE,0.7509825327510917,0.8917835671342685
113,0.892,0.892,3,0.42731578819861105,83,1.3514005628808663,0.0017405833774131673,24,2,595,0.8054900573137571,2.197051652956403,3,5,0.6729759232483218,COMPLETE,0.7518558951965066,0.892
114,0.8957915831663327,0.8957915831663327,3,0.41793661169861474,51,0.5190230977117579,0.0012945089224811353,26,1,527,0.23682587312664427,2.759901648694117,3,5,0.7102031948429051,COMPLETE,0.7558090094231212,0.8957915831663327
115,0.8556034482758621,0.8556034482758621,3,0.4171820140514538,52,0.5270064793342435,0.0014450016920342134,4,2,520,0.10106782824326155,2.790121428693558,3,5,0.7325155276358681,COMPLETE,0.665933118823259,0.8556034482758621
116,0.8897795591182365,0.8897795591182365,3,0.4408513349131217,65,1.1689105337388532,0.001178010161762689,26,1,557,0.43777508298357426,3.0511682799279978,3,5,0.719552984779371,COMPLETE,0.7518635562705891,0.8897795591182365
117,0.8902195608782435,0.8902195608782435,3,0.4724777558520846,57,1.0122980585897579,0.0012701532426629095,25,1,451,0.6596173143107732,2.6310243130245516,3,5,0.7084812270258734,COMPLETE,0.7553723282004137,0.8902195608782435
118,0.8871595330739299,0.8871595330739299,3,0.4494624591522595,112,0.6391091076422771,0.00203278062422926,24,2,409,0.22554515424778754,2.3528977681874235,3,5,0.6686696948361202,COMPLETE,0.7632632345054777,0.8871595330739299
119,0.8937007874015748,0.8937007874015748,3,0.43171798415150314,49,0.4295439655055178,0.0010284187538016092,26,3,511,0.11590877129212361,3.159251175016924,3,5,0.7512255524213518,COMPLETE,0.7527350034474832,0.8937007874015748
120,0.8641732283464567,0.8641732283464567,3,0.4004141217639993,75,0.08426059299477506,0.0018290099392577056,23,10,625,2.6641466480518012,2.887268222114147,3,5,0.7719627158065724,COMPLETE,0.7343177813529456,0.8641732283464567
121,0.8922155688622755,0.8922155688622755,3,0.4157280814361118,96,0.7229038305886559,0.0016983619390298524,27,1,359,0.2845947487812063,2.4680703833730915,3,5,0.6223029392993835,COMPLETE,0.7562437753773079,0.8922155688622755
122,0.891566265060241,0.891566265060241,3,0.4255785724856717,88,0.8874895513036127,0.001476548078636647,28,1,341,0.3884721488638364,2.6938909302821097,3,5,0.681422118331485,COMPLETE,0.7514211292423199,0.891566265060241
123,0.8937875751503006,0.8937875751503006,3,0.40040199091483025,35,0.7772280620930466,0.0024204325338383374,26,1,384,0.22456762534985647,2.504921627937466,3,5,0.6448832174262117,COMPLETE,0.7505477667969049,0.8937875751503006
124,0.8855421686746988,0.8855421686746988,3,0.4127949285924533,79,0.5330631740223991,0.002045986152639932,27,2,471,3.118311104396046,3.7840154668015287,3,5,0.6975509027769762,COMPLETE,0.7391595801731403,0.8855421686746988
125,0.8882235528942116,0.8882235528942116,3,0.4427173141442885,118,1.018799888796901,0.0012558090279657195,25,1,313,0.4547419674305999,3.010931073391792,3,5,0.7357035098144014,COMPLETE,0.7544970504864781,0.8882235528942116
126,0.898,0.898,3,0.4279797162433837,59,0.8636529820350458,0.002865183771436856,26,1,252,0.1163640591204943,2.776282045630877,3,5,0.7111624891758204,COMPLETE,0.7623898720600628,0.898
127,0.8854368932038835,0.8854368932038835,3,0.45841161955582654,59,0.5830953272656422,0.002260546985446109,26,2,259,0.08041154012603324,2.752001827451769,3,5,0.7096670125632443,COMPLETE,0.7593120355473838,0.8854368932038835
128,0.88996138996139,0.88996138996139,3,0.4800469132511341,48,1.2790451434238723,0.0028292264988702726,24,1,435,0.08985706555117104,3.3708934366210874,3,5,0.6845743712746986,COMPLETE,0.7658871523787635,0.88996138996139
129,0.8926441351888668,0.8926441351888668,3,0.4277965232066713,72,0.33537303681627917,0.0017112124338706722,25,2,290,0.5421115746995114,3.2001946679729274,3,5,0.7511128476382657,COMPLETE,0.7501110855741975,0.8926441351888668
