number,values_0,value,params_brics_min_freq,params_colsample_bytree,params_early_stopping_rounds,params_gamma,params_learning_rate,params_max_depth,params_min_child_weight,params_num_boost_round,params_reg_alpha,params_reg_lambda,params_rings_min_freq,params_side_min_freq,params_subsample,state,user_attrs_cv_recall,user_attrs_val_metric
96,0.8368421052631579,0.8368421052631579,3,0.9580449681240243,194,1.4091873635621028,0.00855164173922938,13,1,1852,0.8933461584330518,1.9437859572663279,3,5,0.8109071285353516,COMPLETE,0.8057917720064353,0.8368421052631579
97,0.8228070175438597,0.8228070175438597,3,0.8927002458987956,177,1.5418660603948031,0.02646361414816116,12,12,1934,0.43515855910673923,2.1057287667023075,3,5,0.7943240092241003,COMPLETE,0.7979046962384126,0.8228070175438597
98,0.8456140350877193,0.8456140350877193,3,0.9938827326147954,199,1.264418331610078,0.015390929832686022,13,2,1966,0.07943752478324984,1.990268495569263,3,5,0.8588519004614477,COMPLETE,0.8049107484869378,0.8456140350877193
99,0.8350877192982457,0.8350877192982457,3,0.9994941870332134,204,1.830633259348808,0.03436104168077477,14,2,1775,0.12152777434173734,1.788707602343672,3,5,0.8416275705686218,COMPLETE,0.8027177660307976,0.8350877192982457
100,0.843859649122807,0.843859649122807,3,0.9397519978434974,198,1.287225382633164,0.015022005369345788,12,1,878,0.7743670807603359,1.994663663815318,3,5,0.8246748810708067,COMPLETE,0.8084252662223245,0.843859649122807
101,0.843859649122807,0.843859649122807,3,0.9425870515023401,190,1.3077176132994202,0.015480042714728286,12,1,583,0.7062619775042169,2.0209552079955744,3,5,0.8567833848617494,COMPLETE,0.8036007048188157,0.843859649122807
102,0.8298245614035088,0.8298245614035088,3,0.9536838673942747,198,1.250391270209016,0.01875967376498754,11,1,904,0.7728445157974532,2.0191370730905343,3,5,0.825953366384178,COMPLETE,0.8035930437447331,0.8298245614035088
103,0.8245614035087719,0.8245614035087719,3,0.9317924681061477,193,1.6390824591915776,0.015046284432086913,12,11,840,0.5178739726987099,1.286121530079609,3,5,0.857051088654493,COMPLETE,0.798347123266682,0.8245614035087719
104,0.8456140350877193,0.8456140350877193,3,0.9372173952118079,178,1.3114606175248376,0.0114550417314462,13,1,597,0.2684749333208429,1.6473745022827084,3,5,0.7631522677240585,COMPLETE,0.8035987895502948,0.8456140350877193
105,0.8421052631578947,0.8421052631578947,3,0.9741000272747988,178,1.1453295078525192,0.011035250617497721,14,2,777,0.24159554446013062,1.6254397573446406,3,5,0.7726071377177152,COMPLETE,0.8027196812993183,0.8421052631578947
106,0.8350877192982457,0.8350877192982457,3,0.8821399335991134,171,1.4897386082803648,0.009522725777190329,11,1,712,0.10391464133626913,1.7191848160174714,3,5,0.7512770510488737,COMPLETE,0.8044740672642303,0.8350877192982457
107,0.8192982456140351,0.8192982456140351,3,0.9109834893300819,210,2.1951134617079093,0.012044359762891102,9,2,638,0.8769236558479729,1.487216410500288,3,5,0.7105875686662627,COMPLETE,0.7930763042978626,0.8192982456140351
108,0.8456140350877193,0.8456140350877193,3,0.8647937387538821,162,1.0139704231669109,0.010355421524794385,13,1,578,0.46093785267890364,1.8767499986491145,3,5,0.7939573920618136,COMPLETE,0.8027235118363596,0.8456140350877193
109,0.8385964912280702,0.8385964912280702,3,0.869787613099039,146,1.0056464776041358,0.006493325320706238,14,1,525,0.38464766512339466,1.8764228878584284,3,5,0.7547538191487863,COMPLETE,0.7987742281467862,0.8385964912280702
110,0.8298245614035088,0.8298245614035088,3,0.9817844164079054,185,1.415219652228881,0.010205454707285783,13,2,452,0.25179302098804496,2.3222754156307093,3,5,0.7298767096194395,COMPLETE,0.7952712020225235,0.8298245614035088
111,0.843859649122807,0.843859649122807,3,0.968719232035258,163,1.163292243008072,0.007982820842820697,13,1,613,0.6176655898005728,1.944130551404827,3,5,0.7937588281192905,COMPLETE,0.8036007048188155,0.843859649122807
112,0.8385964912280702,0.8385964912280702,3,0.9291122000100738,178,1.7246985252549252,0.012139888061723664,12,1,580,0.4872385512461923,1.3000590350391126,3,5,0.814774607016359,COMPLETE,0.8036007048188155,0.8385964912280702
113,0.8421052631578947,0.8421052631578947,3,0.8603680785513421,197,1.0463688142616783,0.01410919978198079,14,2,1049,0.06030274712618765,2.084395867229911,3,5,0.7830862966532508,COMPLETE,0.8049164942924998,0.8421052631578947
114,0.8403508771929824,0.8403508771929824,3,0.9035305204731464,161,1.28380693313405,0.01864894418626876,11,1,790,0.18287887235992417,1.7946859459640985,3,5,0.8037332646032739,COMPLETE,0.8027158507622769,0.8403508771929824
115,0.8421052631578947,0.8421052631578947,3,0.9958578282636914,202,1.1212504171005442,0.010982017708850222,15,1,888,1.0108111568241545,1.5426200286206673,3,5,0.8433034871593439,COMPLETE,0.8049126637554584,0.8421052631578947
116,0.8350877192982457,0.8350877192982457,3,0.9293213229059704,223,0.926490965943116,0.01641130242620271,9,2,743,0.6796595392949394,2.4108373180934404,3,5,0.8334493466278251,COMPLETE,0.807544242702827,0.8350877192982457
117,0.8280701754385965,0.8280701754385965,3,0.8423364197241576,190,1.9937651000528769,0.02433740893948349,13,1,698,0.3661391158013504,1.6684974161937693,3,5,0.8907528350450247,COMPLETE,0.7983394621925994,0.8280701754385965
118,0.8368421052631579,0.8368421052631579,3,0.8901849162194589,234,1.5743124931075907,0.008969942673641493,14,2,1840,0.7978691224823742,2.2118299184766816,3,5,0.8207278900306368,COMPLETE,0.8018444035853826,0.8368421052631579
119,0.8456140350877193,0.8456140350877193,3,0.9480992948031097,212,1.20325132688241,0.021304161894875648,12,1,477,1.10333828364731,1.970461386471783,3,5,0.8684666478509669,COMPLETE,0.8000900176204704,0.8456140350877193
120,0.8298245614035088,0.8298245614035088,3,0.9568414107395258,220,0.8246463210136397,0.01014863267332079,15,3,289,0.9481181048529332,1.8712650161067215,3,5,0.6690329745808372,COMPLETE,0.790450471156056,0.8298245614035088
121,0.8315789473684211,0.8315789473684211,3,0.9397952109767536,211,1.376710105876907,0.011966214225805731,12,1,353,1.0965558349392541,1.9630320245965351,3,5,0.8478784843813658,COMPLETE,0.7983394621925994,0.8315789473684211
122,0.8350877192982457,0.8350877192982457,3,0.9669736417767562,227,1.2556408748054004,0.046880984679439124,13,1,565,0.5607949472905549,2.142528837280211,3,5,0.8664723337560442,COMPLETE,0.8040278096989197,0.8350877192982457
123,0.8175438596491228,0.8175438596491228,3,0.9467455040739048,181,2.7007046338738943,0.007059100999705757,11,1,495,1.3070792369009252,1.7590187079663167,3,5,0.8732160767722772,COMPLETE,0.7886922546541025,0.8175438596491228
124,0.8421052631578947,0.8421052631578947,3,0.9889943726125001,200,0.9880665233325754,0.020183212613653117,12,2,1999,1.1628432022526782,2.039772931308632,3,5,0.8032315304612493,COMPLETE,0.8062284532291427,0.8421052631578947
125,0.8350877192982457,0.8350877192982457,3,0.918866135105658,206,1.2103848815491924,0.013102450575244022,10,1,958,0.8333845173592658,1.6067163110579066,3,5,0.9036310396739974,COMPLETE,0.804037386041523,0.8350877192982457
126,0.8403508771929824,0.8403508771929824,3,0.8646275535251902,195,1.4990493872429966,0.008389146971495046,14,1,448,0.45687658278748966,2.2618072586467433,3,5,0.7854778626171874,COMPLETE,0.8018444035853826,0.8403508771929824
127,0.8350877192982457,0.8350877192982457,3,0.851771021521013,175,1.0594070101675792,0.006134411836306746,13,2,655,0.2962562888857939,1.881282475581922,3,5,0.9198189690468018,COMPLETE,0.7952654562169615,0.8350877192982457
128,0.8421052631578947,0.8421052631578947,3,0.9033422335450824,186,0.8945716855971622,0.005169917433333971,11,1,1963,0.7122146922417816,2.1289440447458827,3,5,0.7363883687025266,COMPLETE,0.8057898567379146,0.8421052631578947
129,0.8350877192982457,0.8350877192982457,3,0.8899011206700816,213,0.6005428057137222,0.009422791672998115,12,2,1882,0.9919867779808619,1.9801644709451889,3,5,0.7622357179515722,COMPLETE,0.804910748486938,0.8350877192982457
